;  Assembly code generated by mikroVirtualMachine - V. 5.0.0.3
;  Date/Time: 25/11/2020 21:04:37
;  Info: http://www.mikroe.com


; ADDRESS	OPCODE	ASM
; ----------------------------------------------
$0000	$2932			GOTO	_main
$05A4	$	_mul_32x32_u:
$05A4	$1303			BCF	STATUS, RP1
$05A5	$1283			BCF	STATUS, RP0
;math.ppas,1570 :: 		
;math.ppas,1578 :: 		
$05A6	$3022			MOVLW	34
;math.ppas,1579 :: 		
$05A7	$00FC			MOVWF	STACK_12
;math.ppas,1580 :: 		
$05A8	$01F8			CLRF	STACK_8
;math.ppas,1581 :: 		
$05A9	$01F9			CLRF	STACK_9
;math.ppas,1582 :: 		
$05AA	$01FA			CLRF	STACK_10
;math.ppas,1584 :: 		
$05AB	$01FB			CLRF	STACK_11
;math.ppas,1588 :: 		
$05AC	$	_NEXT:
;math.ppas,1589 :: 		
$05AC	$03FC			DECF	STACK_12, F
;math.ppas,1590 :: 		
$05AD	$1903			BTFSC	STATUS, Z
;math.ppas,1591 :: 		
$05AE	$2DDA			GOTO	_EXIT2
;math.ppas,1593 :: 		
$05AF	$1003			BCF	STATUS, C
;math.ppas,1602 :: 		
$05B0	$	_LOOP:
;math.ppas,1603 :: 		
$05B0	$0CFB			RRF	STACK_11, F
;math.ppas,1604 :: 		
$05B1	$0CFA			RRF	STACK_10, F
;math.ppas,1605 :: 		
$05B2	$0CF9			RRF	STACK_9, F
;math.ppas,1606 :: 		
$05B3	$0CF8			RRF	STACK_8, F
;math.ppas,1607 :: 		
$05B4	$0CF3			RRF	STACK_3, F
;math.ppas,1608 :: 		
$05B5	$0CF2			RRF	STACK_2, F
;math.ppas,1609 :: 		
$05B6	$0CF1			RRF	STACK_1, F
;math.ppas,1614 :: 		
$05B7	$0CF0			RRF	STACK_0, F
;math.ppas,1615 :: 		
$05B8	$1C03			BTFSS	STATUS, C
;math.ppas,1616 :: 		
$05B9	$2DAC			GOTO	_NEXT
;math.ppas,1617 :: 		
$05BA	$03FC			DECF	STACK_12, F
;math.ppas,1618 :: 		
$05BB	$1903			BTFSC	STATUS, Z
;math.ppas,1625 :: 		
$05BC	$2DCC			GOTO	_EXIT1
;math.ppas,1626 :: 		
$05BD	$0874			MOVF	STACK_4, W
;math.ppas,1627 :: 		
$05BE	$07F8			ADDWF	STACK_8, F
;math.ppas,1628 :: 		
$05BF	$0875			MOVF	STACK_5, W
;math.ppas,1629 :: 		
$05C0	$1803			BTFSC	STATUS, C
;math.ppas,1630 :: 		
$05C1	$0F75			INCFSZ	STACK_5, W
;math.ppas,1631 :: 		
$05C2	$07F9			ADDWF	STACK_9, F
;math.ppas,1632 :: 		
$05C3	$0876			MOVF	STACK_6, W
;math.ppas,1633 :: 		
$05C4	$1803			BTFSC	STATUS, C
;math.ppas,1634 :: 		
$05C5	$0F76			INCFSZ	STACK_6, W
;math.ppas,1635 :: 		
$05C6	$07FA			ADDWF	STACK_10, F
;math.ppas,1636 :: 		
$05C7	$0877			MOVF	STACK_7, W
;math.ppas,1637 :: 		
$05C8	$1803			BTFSC	STATUS, C
;math.ppas,1638 :: 		
$05C9	$0F77			INCFSZ	STACK_7, W
;math.ppas,1640 :: 		
$05CA	$07FB			ADDWF	STACK_11, F
;math.ppas,1642 :: 		
$05CB	$2DB0			GOTO	_LOOP
;math.ppas,1647 :: 		
$05CC	$	_EXIT1:
;math.ppas,1648 :: 		
$05CC	$0874			MOVF	STACK_4, W
;math.ppas,1649 :: 		
$05CD	$07F8			ADDWF	STACK_8, F
;math.ppas,1650 :: 		
$05CE	$0875			MOVF	STACK_5, W
;math.ppas,1651 :: 		
$05CF	$1803			BTFSC	STATUS, C
;math.ppas,1652 :: 		
$05D0	$0F75			INCFSZ	STACK_5, W
;math.ppas,1653 :: 		
$05D1	$07F9			ADDWF	STACK_9, F
;math.ppas,1654 :: 		
$05D2	$0876			MOVF	STACK_6, W
;math.ppas,1655 :: 		
$05D3	$1803			BTFSC	STATUS, C
;math.ppas,1656 :: 		
$05D4	$0F76			INCFSZ	STACK_6, W
;math.ppas,1657 :: 		
$05D5	$07FA			ADDWF	STACK_10, F
;math.ppas,1658 :: 		
$05D6	$0877			MOVF	STACK_7, W
;math.ppas,1659 :: 		
$05D7	$1803			BTFSC	STATUS, C
;math.ppas,1660 :: 		
$05D8	$0F77			INCFSZ	STACK_7, W
;math.ppas,1663 :: 		
$05D9	$07FB			ADDWF	STACK_11, F
;math.ppas,1664 :: 		
$05DA	$	_EXIT2:
;math.ppas,1665 :: 		
$05DA	$	math_L_13:
;math.ppas,1666 :: 		
$05DA	$0008			RETURN
$0004	$	_sdiv3232l:
$0004	$1303			BCF	STATUS, RP1
$0005	$1283			BCF	STATUS, RP0
;math.ppas,539 :: 		
;math.ppas,541 :: 		
$0006	$0874			MOVF	STACK_4, W
;math.ppas,542 :: 		
$0007	$02F8			SUBWF	STACK_8, F
;math.ppas,543 :: 		
$0008	$0875			MOVF	STACK_5, W
;math.ppas,544 :: 		
$0009	$1C03			BTFSS	STATUS, C
;math.ppas,545 :: 		
$000A	$0F75			INCFSZ	STACK_5, W
;math.ppas,546 :: 		
$000B	$02F9			SUBWF	STACK_9, F
;math.ppas,547 :: 		
$000C	$0876			MOVF	STACK_6, W
;math.ppas,548 :: 		
$000D	$1C03			BTFSS	STATUS, C
;math.ppas,549 :: 		
$000E	$0F76			INCFSZ	STACK_6, W
;math.ppas,550 :: 		
$000F	$02FA			SUBWF	STACK_10, F
;math.ppas,551 :: 		
$0010	$0877			MOVF	STACK_7, W
;math.ppas,552 :: 		
$0011	$1C03			BTFSS	STATUS, C
;math.ppas,553 :: 		
$0012	$0F77			INCFSZ	STACK_7, W
;math.ppas,554 :: 		
$0013	$02FB			SUBWF	STACK_11, F
;math.ppas,556 :: 		
$0014	$0DF3			RLF	STACK_3, F
;math.ppas,557 :: 		
$0015	$3007			MOVLW	7
;math.ppas,559 :: 		
$0016	$00FC			MOVWF	STACK_12
;math.ppas,560 :: 		
$0017	$	LOOPS3232A:
;math.ppas,561 :: 		
$0017	$0D73			RLF	STACK_3, W
;math.ppas,562 :: 		
$0018	$0DF8			RLF	STACK_8, F
;math.ppas,563 :: 		
$0019	$0DF9			RLF	STACK_9, F
;math.ppas,564 :: 		
$001A	$0DFA			RLF	STACK_10, F
;math.ppas,565 :: 		
$001B	$0DFB			RLF	STACK_11, F
;math.ppas,566 :: 		
$001C	$0874			MOVF	STACK_4, W
;math.ppas,567 :: 		
$001D	$1C73			BTFSS	STACK_3, 0
;math.ppas,569 :: 		
$001E	$282D			GOTO	SADD22LA
;math.ppas,570 :: 		
$001F	$02F8			SUBWF	STACK_8, F
;math.ppas,571 :: 		
$0020	$0875			MOVF	STACK_5, W
;math.ppas,572 :: 		
$0021	$1C03			BTFSS	STATUS, C
;math.ppas,573 :: 		
$0022	$0F75			INCFSZ	STACK_5, W
;math.ppas,574 :: 		
$0023	$02F9			SUBWF	STACK_9, F
;math.ppas,575 :: 		
$0024	$0876			MOVF	STACK_6, W
;math.ppas,576 :: 		
$0025	$1C03			BTFSS	STATUS, C
;math.ppas,577 :: 		
$0026	$0F76			INCFSZ	STACK_6, W
;math.ppas,578 :: 		
$0027	$02FA			SUBWF	STACK_10, F
;math.ppas,579 :: 		
$0028	$0877			MOVF	STACK_7, W
;math.ppas,580 :: 		
$0029	$1C03			BTFSS	STATUS, C
;math.ppas,581 :: 		
$002A	$0F77			INCFSZ	STACK_7, W
;math.ppas,582 :: 		
$002B	$02FB			SUBWF	STACK_11, F
;math.ppas,584 :: 		
$002C	$283A			GOTO	SOK22LA
;math.ppas,585 :: 		
$002D	$	SADD22LA:
;math.ppas,586 :: 		
$002D	$07F8			ADDWF	STACK_8, F
;math.ppas,587 :: 		
$002E	$0875			MOVF	STACK_5, W
;math.ppas,588 :: 		
$002F	$1803			BTFSC	STATUS, C
;math.ppas,589 :: 		
$0030	$0F75			INCFSZ	STACK_5, W
;math.ppas,590 :: 		
$0031	$07F9			ADDWF	STACK_9, F
;math.ppas,591 :: 		
$0032	$0876			MOVF	STACK_6, W
;math.ppas,592 :: 		
$0033	$1803			BTFSC	STATUS, C
;math.ppas,593 :: 		
$0034	$0F76			INCFSZ	STACK_6, W
;math.ppas,594 :: 		
$0035	$07FA			ADDWF	STACK_10, F
;math.ppas,595 :: 		
$0036	$0877			MOVF	STACK_7, W
;math.ppas,596 :: 		
$0037	$1803			BTFSC	STATUS, C
;math.ppas,597 :: 		
$0038	$0F77			INCFSZ	STACK_7, W
;math.ppas,599 :: 		
$0039	$07FB			ADDWF	STACK_11, F
;math.ppas,600 :: 		
$003A	$	SOK22LA:
;math.ppas,602 :: 		
$003A	$0DF3			RLF	STACK_3, F
;math.ppas,603 :: 		
$003B	$0BFC			DECFSZ	STACK_12, F
;math.ppas,605 :: 		
$003C	$2817			GOTO	LOOPS3232A
;math.ppas,606 :: 		
$003D	$0D72			RLF	STACK_2, W
;math.ppas,607 :: 		
$003E	$0DF8			RLF	STACK_8, F
;math.ppas,608 :: 		
$003F	$0DF9			RLF	STACK_9, F
;math.ppas,609 :: 		
$0040	$0DFA			RLF	STACK_10, F
;math.ppas,610 :: 		
$0041	$0DFB			RLF	STACK_11, F
;math.ppas,611 :: 		
$0042	$0874			MOVF	STACK_4, W
;math.ppas,612 :: 		
$0043	$1C73			BTFSS	STACK_3, 0
;math.ppas,614 :: 		
$0044	$2853			GOTO	SADD22L8
;math.ppas,615 :: 		
$0045	$02F8			SUBWF	STACK_8, F
;math.ppas,616 :: 		
$0046	$0875			MOVF	STACK_5, W
;math.ppas,617 :: 		
$0047	$1C03			BTFSS	STATUS, C
;math.ppas,618 :: 		
$0048	$0F75			INCFSZ	STACK_5, W
;math.ppas,619 :: 		
$0049	$02F9			SUBWF	STACK_9, F
;math.ppas,620 :: 		
$004A	$0876			MOVF	STACK_6, W
;math.ppas,621 :: 		
$004B	$1C03			BTFSS	STATUS, C
;math.ppas,622 :: 		
$004C	$0F76			INCFSZ	STACK_6, W
;math.ppas,623 :: 		
$004D	$02FA			SUBWF	STACK_10, F
;math.ppas,624 :: 		
$004E	$0877			MOVF	STACK_7, W
;math.ppas,625 :: 		
$004F	$1C03			BTFSS	STATUS, C
;math.ppas,626 :: 		
$0050	$0F77			INCFSZ	STACK_7, W
;math.ppas,627 :: 		
$0051	$02FB			SUBWF	STACK_11, F
;math.ppas,629 :: 		
$0052	$2860			GOTO	SOK22L8
;math.ppas,630 :: 		
$0053	$	SADD22L8:
;math.ppas,631 :: 		
$0053	$07F8			ADDWF	STACK_8, F
;math.ppas,632 :: 		
$0054	$0875			MOVF	STACK_5, W
;math.ppas,633 :: 		
$0055	$1803			BTFSC	STATUS, C
;math.ppas,634 :: 		
$0056	$0F75			INCFSZ	STACK_5, W
;math.ppas,635 :: 		
$0057	$07F9			ADDWF	STACK_9, F
;math.ppas,636 :: 		
$0058	$0876			MOVF	STACK_6, W
;math.ppas,637 :: 		
$0059	$1803			BTFSC	STATUS, C
;math.ppas,638 :: 		
$005A	$0F76			INCFSZ	STACK_6, W
;math.ppas,639 :: 		
$005B	$07FA			ADDWF	STACK_10, F
;math.ppas,640 :: 		
$005C	$0877			MOVF	STACK_7, W
;math.ppas,641 :: 		
$005D	$1803			BTFSC	STATUS, C
;math.ppas,642 :: 		
$005E	$0F77			INCFSZ	STACK_7, W
;math.ppas,644 :: 		
$005F	$07FB			ADDWF	STACK_11, F
;math.ppas,645 :: 		
$0060	$	SOK22L8:
;math.ppas,647 :: 		
$0060	$0DF2			RLF	STACK_2, F
;math.ppas,648 :: 		
$0061	$3007			MOVLW	7
;math.ppas,650 :: 		
$0062	$00FC			MOVWF	STACK_12
;math.ppas,651 :: 		
$0063	$	LOOPS3232B:
;math.ppas,652 :: 		
$0063	$0D72			RLF	STACK_2, W
;math.ppas,653 :: 		
$0064	$0DF8			RLF	STACK_8, F
;math.ppas,654 :: 		
$0065	$0DF9			RLF	STACK_9, F
;math.ppas,655 :: 		
$0066	$0DFA			RLF	STACK_10, F
;math.ppas,656 :: 		
$0067	$0DFB			RLF	STACK_11, F
;math.ppas,657 :: 		
$0068	$0874			MOVF	STACK_4, W
;math.ppas,658 :: 		
$0069	$1C72			BTFSS	STACK_2, 0
;math.ppas,660 :: 		
$006A	$2879			GOTO	SADD22LB
;math.ppas,661 :: 		
$006B	$02F8			SUBWF	STACK_8, F
;math.ppas,662 :: 		
$006C	$0875			MOVF	STACK_5, W
;math.ppas,663 :: 		
$006D	$1C03			BTFSS	STATUS, C
;math.ppas,664 :: 		
$006E	$0F75			INCFSZ	STACK_5, W
;math.ppas,665 :: 		
$006F	$02F9			SUBWF	STACK_9, F
;math.ppas,666 :: 		
$0070	$0876			MOVF	STACK_6, W
;math.ppas,667 :: 		
$0071	$1C03			BTFSS	STATUS, C
;math.ppas,668 :: 		
$0072	$0F76			INCFSZ	STACK_6, W
;math.ppas,669 :: 		
$0073	$02FA			SUBWF	STACK_10, F
;math.ppas,670 :: 		
$0074	$0877			MOVF	STACK_7, W
;math.ppas,671 :: 		
$0075	$1C03			BTFSS	STATUS, C
;math.ppas,672 :: 		
$0076	$0F77			INCFSZ	STACK_7, W
;math.ppas,673 :: 		
$0077	$02FB			SUBWF	STACK_11, F
;math.ppas,675 :: 		
$0078	$2886			GOTO	SOK22LB
;math.ppas,676 :: 		
$0079	$	SADD22LB:
;math.ppas,677 :: 		
$0079	$07F8			ADDWF	STACK_8, F
;math.ppas,678 :: 		
$007A	$0875			MOVF	STACK_5, W
;math.ppas,679 :: 		
$007B	$1803			BTFSC	STATUS, C
;math.ppas,680 :: 		
$007C	$0F75			INCFSZ	STACK_5, W
;math.ppas,681 :: 		
$007D	$07F9			ADDWF	STACK_9, F
;math.ppas,682 :: 		
$007E	$0876			MOVF	STACK_6, W
;math.ppas,683 :: 		
$007F	$1803			BTFSC	STATUS, C
;math.ppas,684 :: 		
$0080	$0F76			INCFSZ	STACK_6, W
;math.ppas,685 :: 		
$0081	$07FA			ADDWF	STACK_10, F
;math.ppas,686 :: 		
$0082	$0877			MOVF	STACK_7, W
;math.ppas,687 :: 		
$0083	$1803			BTFSC	STATUS, C
;math.ppas,688 :: 		
$0084	$0F77			INCFSZ	STACK_7, W
;math.ppas,690 :: 		
$0085	$07FB			ADDWF	STACK_11, F
;math.ppas,691 :: 		
$0086	$	SOK22LB:
;math.ppas,693 :: 		
$0086	$0DF2			RLF	STACK_2, F
;math.ppas,694 :: 		
$0087	$0BFC			DECFSZ	STACK_12, F
;math.ppas,696 :: 		
$0088	$2863			GOTO	LOOPS3232B
;math.ppas,697 :: 		
$0089	$0D71			RLF	STACK_1, W
;math.ppas,698 :: 		
$008A	$0DF8			RLF	STACK_8, F
;math.ppas,699 :: 		
$008B	$0DF9			RLF	STACK_9, F
;math.ppas,700 :: 		
$008C	$0DFA			RLF	STACK_10, F
;math.ppas,701 :: 		
$008D	$0DFB			RLF	STACK_11, F
;math.ppas,702 :: 		
$008E	$0874			MOVF	STACK_4, W
;math.ppas,703 :: 		
$008F	$1C72			BTFSS	STACK_2, 0
;math.ppas,705 :: 		
$0090	$289F			GOTO	SADD22L16
;math.ppas,706 :: 		
$0091	$02F8			SUBWF	STACK_8, F
;math.ppas,707 :: 		
$0092	$0875			MOVF	STACK_5, W
;math.ppas,708 :: 		
$0093	$1C03			BTFSS	STATUS, C
;math.ppas,709 :: 		
$0094	$0F75			INCFSZ	STACK_5, W
;math.ppas,710 :: 		
$0095	$02F9			SUBWF	STACK_9, F
;math.ppas,711 :: 		
$0096	$0876			MOVF	STACK_6, W
;math.ppas,712 :: 		
$0097	$1C03			BTFSS	STATUS, C
;math.ppas,713 :: 		
$0098	$0F76			INCFSZ	STACK_6, W
;math.ppas,714 :: 		
$0099	$02FA			SUBWF	STACK_10, F
;math.ppas,715 :: 		
$009A	$0877			MOVF	STACK_7, W
;math.ppas,716 :: 		
$009B	$1C03			BTFSS	STATUS, C
;math.ppas,717 :: 		
$009C	$0F77			INCFSZ	STACK_7, W
;math.ppas,718 :: 		
$009D	$02FB			SUBWF	STACK_11, F
;math.ppas,720 :: 		
$009E	$28AC			GOTO	SOK22L16
;math.ppas,721 :: 		
$009F	$	SADD22L16:
;math.ppas,722 :: 		
$009F	$07F8			ADDWF	STACK_8, F
;math.ppas,723 :: 		
$00A0	$0875			MOVF	STACK_5, W
;math.ppas,724 :: 		
$00A1	$1803			BTFSC	STATUS, C
;math.ppas,725 :: 		
$00A2	$0F75			INCFSZ	STACK_5, W
;math.ppas,726 :: 		
$00A3	$07F9			ADDWF	STACK_9, F
;math.ppas,727 :: 		
$00A4	$0876			MOVF	STACK_6, W
;math.ppas,728 :: 		
$00A5	$1803			BTFSC	STATUS, C
;math.ppas,729 :: 		
$00A6	$0F76			INCFSZ	STACK_6, W
;math.ppas,730 :: 		
$00A7	$07FA			ADDWF	STACK_10, F
;math.ppas,731 :: 		
$00A8	$0877			MOVF	STACK_7, W
;math.ppas,732 :: 		
$00A9	$1803			BTFSC	STATUS, C
;math.ppas,733 :: 		
$00AA	$0F77			INCFSZ	STACK_7, W
;math.ppas,735 :: 		
$00AB	$07FB			ADDWF	STACK_11, F
;math.ppas,736 :: 		
$00AC	$	SOK22L16:
;math.ppas,738 :: 		
$00AC	$0DF1			RLF	STACK_1, F
;math.ppas,739 :: 		
$00AD	$3007			MOVLW	7
;math.ppas,741 :: 		
$00AE	$00FC			MOVWF	STACK_12
;math.ppas,742 :: 		
$00AF	$	LOOPS3232C:
;math.ppas,743 :: 		
$00AF	$0D71			RLF	STACK_1, W
;math.ppas,744 :: 		
$00B0	$0DF8			RLF	STACK_8, F
;math.ppas,745 :: 		
$00B1	$0DF9			RLF	STACK_9, F
;math.ppas,746 :: 		
$00B2	$0DFA			RLF	STACK_10, F
;math.ppas,747 :: 		
$00B3	$0DFB			RLF	STACK_11, F
;math.ppas,748 :: 		
$00B4	$0874			MOVF	STACK_4, W
;math.ppas,749 :: 		
$00B5	$1C71			BTFSS	STACK_1, 0
;math.ppas,751 :: 		
$00B6	$28C5			GOTO	SADD22LC
;math.ppas,752 :: 		
$00B7	$02F8			SUBWF	STACK_8, F
;math.ppas,753 :: 		
$00B8	$0875			MOVF	STACK_5, W
;math.ppas,754 :: 		
$00B9	$1C03			BTFSS	STATUS, C
;math.ppas,755 :: 		
$00BA	$0F75			INCFSZ	STACK_5, W
;math.ppas,756 :: 		
$00BB	$02F9			SUBWF	STACK_9, F
;math.ppas,757 :: 		
$00BC	$0876			MOVF	STACK_6, W
;math.ppas,758 :: 		
$00BD	$1C03			BTFSS	STATUS, C
;math.ppas,759 :: 		
$00BE	$0F76			INCFSZ	STACK_6, W
;math.ppas,760 :: 		
$00BF	$02FA			SUBWF	STACK_10, F
;math.ppas,761 :: 		
$00C0	$0877			MOVF	STACK_7, W
;math.ppas,762 :: 		
$00C1	$1C03			BTFSS	STATUS, C
;math.ppas,763 :: 		
$00C2	$0F77			INCFSZ	STACK_7, W
;math.ppas,764 :: 		
$00C3	$02FB			SUBWF	STACK_11, F
;math.ppas,766 :: 		
$00C4	$28D2			GOTO	SOK22LC
;math.ppas,767 :: 		
$00C5	$	SADD22LC:
;math.ppas,768 :: 		
$00C5	$07F8			ADDWF	STACK_8, F
;math.ppas,769 :: 		
$00C6	$0875			MOVF	STACK_5, W
;math.ppas,770 :: 		
$00C7	$1803			BTFSC	STATUS, C
;math.ppas,771 :: 		
$00C8	$0F75			INCFSZ	STACK_5, W
;math.ppas,772 :: 		
$00C9	$07F9			ADDWF	STACK_9, F
;math.ppas,773 :: 		
$00CA	$0876			MOVF	STACK_6, W
;math.ppas,774 :: 		
$00CB	$1803			BTFSC	STATUS, C
;math.ppas,775 :: 		
$00CC	$0F76			INCFSZ	STACK_6, W
;math.ppas,776 :: 		
$00CD	$07FA			ADDWF	STACK_10, F
;math.ppas,777 :: 		
$00CE	$0877			MOVF	STACK_7, W
;math.ppas,778 :: 		
$00CF	$1803			BTFSC	STATUS, C
;math.ppas,779 :: 		
$00D0	$0F77			INCFSZ	STACK_7, W
;math.ppas,781 :: 		
$00D1	$07FB			ADDWF	STACK_11, F
;math.ppas,782 :: 		
$00D2	$	SOK22LC:
;math.ppas,784 :: 		
$00D2	$0DF1			RLF	STACK_1, F
;math.ppas,785 :: 		
$00D3	$0BFC			DECFSZ	STACK_12, F
;math.ppas,787 :: 		
$00D4	$28AF			GOTO	LOOPS3232C
;math.ppas,788 :: 		
$00D5	$0D70			RLF	STACK_0, W
;math.ppas,789 :: 		
$00D6	$0DF8			RLF	STACK_8, F
;math.ppas,790 :: 		
$00D7	$0DF9			RLF	STACK_9, F
;math.ppas,791 :: 		
$00D8	$0DFA			RLF	STACK_10, F
;math.ppas,792 :: 		
$00D9	$0DFB			RLF	STACK_11, F
;math.ppas,793 :: 		
$00DA	$0874			MOVF	STACK_4, W
;math.ppas,794 :: 		
$00DB	$1C71			BTFSS	STACK_1, 0
;math.ppas,796 :: 		
$00DC	$28EB			GOTO	SADD22L24
;math.ppas,797 :: 		
$00DD	$02F8			SUBWF	STACK_8, F
;math.ppas,798 :: 		
$00DE	$0875			MOVF	STACK_5, W
;math.ppas,799 :: 		
$00DF	$1C03			BTFSS	STATUS, C
;math.ppas,800 :: 		
$00E0	$0F75			INCFSZ	STACK_5, W
;math.ppas,801 :: 		
$00E1	$02F9			SUBWF	STACK_9, F
;math.ppas,802 :: 		
$00E2	$0876			MOVF	STACK_6, W
;math.ppas,803 :: 		
$00E3	$1C03			BTFSS	STATUS, C
;math.ppas,804 :: 		
$00E4	$0F76			INCFSZ	STACK_6, W
;math.ppas,805 :: 		
$00E5	$02FA			SUBWF	STACK_10, F
;math.ppas,806 :: 		
$00E6	$0877			MOVF	STACK_7, W
;math.ppas,807 :: 		
$00E7	$1C03			BTFSS	STATUS, C
;math.ppas,808 :: 		
$00E8	$0F77			INCFSZ	STACK_7, W
;math.ppas,809 :: 		
$00E9	$02FB			SUBWF	STACK_11, F
;math.ppas,811 :: 		
$00EA	$28F8			GOTO	SOK22L24
;math.ppas,812 :: 		
$00EB	$	SADD22L24:
;math.ppas,813 :: 		
$00EB	$07F8			ADDWF	STACK_8, F
;math.ppas,814 :: 		
$00EC	$0875			MOVF	STACK_5, W
;math.ppas,815 :: 		
$00ED	$1803			BTFSC	STATUS, C
;math.ppas,816 :: 		
$00EE	$0F75			INCFSZ	STACK_5, W
;math.ppas,817 :: 		
$00EF	$07F9			ADDWF	STACK_9, F
;math.ppas,818 :: 		
$00F0	$0876			MOVF	STACK_6, W
;math.ppas,819 :: 		
$00F1	$1803			BTFSC	STATUS, C
;math.ppas,820 :: 		
$00F2	$0F76			INCFSZ	STACK_6, W
;math.ppas,821 :: 		
$00F3	$07FA			ADDWF	STACK_10, F
;math.ppas,822 :: 		
$00F4	$0877			MOVF	STACK_7, W
;math.ppas,823 :: 		
$00F5	$1803			BTFSC	STATUS, C
;math.ppas,824 :: 		
$00F6	$0F77			INCFSZ	STACK_7, W
;math.ppas,826 :: 		
$00F7	$07FB			ADDWF	STACK_11, F
;math.ppas,827 :: 		
$00F8	$	SOK22L24:
;math.ppas,829 :: 		
$00F8	$0DF0			RLF	STACK_0, F
;math.ppas,830 :: 		
$00F9	$3007			MOVLW	7
;math.ppas,832 :: 		
$00FA	$00FC			MOVWF	STACK_12
;math.ppas,833 :: 		
$00FB	$	LOOPS3232D:
;math.ppas,834 :: 		
$00FB	$0D70			RLF	STACK_0, W
;math.ppas,835 :: 		
$00FC	$0DF8			RLF	STACK_8, F
;math.ppas,836 :: 		
$00FD	$0DF9			RLF	STACK_9, F
;math.ppas,837 :: 		
$00FE	$0DFA			RLF	STACK_10, F
;math.ppas,838 :: 		
$00FF	$0DFB			RLF	STACK_11, F
;math.ppas,839 :: 		
$0100	$0874			MOVF	STACK_4, W
;math.ppas,840 :: 		
$0101	$1C70			BTFSS	STACK_0, 0
;math.ppas,842 :: 		
$0102	$2911			GOTO	SADD22LD
;math.ppas,843 :: 		
$0103	$02F8			SUBWF	STACK_8, F
;math.ppas,844 :: 		
$0104	$0875			MOVF	STACK_5, W
;math.ppas,845 :: 		
$0105	$1C03			BTFSS	STATUS, C
;math.ppas,846 :: 		
$0106	$0F75			INCFSZ	STACK_5, W
;math.ppas,847 :: 		
$0107	$02F9			SUBWF	STACK_9, F
;math.ppas,848 :: 		
$0108	$0876			MOVF	STACK_6, W
;math.ppas,849 :: 		
$0109	$1C03			BTFSS	STATUS, C
;math.ppas,850 :: 		
$010A	$0F76			INCFSZ	STACK_6, W
;math.ppas,851 :: 		
$010B	$02FA			SUBWF	STACK_10, F
;math.ppas,852 :: 		
$010C	$0877			MOVF	STACK_7, W
;math.ppas,853 :: 		
$010D	$1C03			BTFSS	STATUS, C
;math.ppas,854 :: 		
$010E	$0F77			INCFSZ	STACK_7, W
;math.ppas,855 :: 		
$010F	$02FB			SUBWF	STACK_11, F
;math.ppas,857 :: 		
$0110	$291E			GOTO	SOK22LD
;math.ppas,858 :: 		
$0111	$	SADD22LD:
;math.ppas,859 :: 		
$0111	$07F8			ADDWF	STACK_8, F
;math.ppas,860 :: 		
$0112	$0875			MOVF	STACK_5, W
;math.ppas,861 :: 		
$0113	$1803			BTFSC	STATUS, C
;math.ppas,862 :: 		
$0114	$0F75			INCFSZ	STACK_5, W
;math.ppas,863 :: 		
$0115	$07F9			ADDWF	STACK_9, F
;math.ppas,864 :: 		
$0116	$0876			MOVF	STACK_6, W
;math.ppas,865 :: 		
$0117	$1803			BTFSC	STATUS, C
;math.ppas,866 :: 		
$0118	$0F76			INCFSZ	STACK_6, W
;math.ppas,867 :: 		
$0119	$07FA			ADDWF	STACK_10, F
;math.ppas,868 :: 		
$011A	$0877			MOVF	STACK_7, W
;math.ppas,870 :: 		
$011B	$1803			BTFSC	STATUS, C
;math.ppas,871 :: 		
$011C	$0F77			INCFSZ	STACK_7, W
;math.ppas,873 :: 		
$011D	$07FB			ADDWF	STACK_11, F
;math.ppas,874 :: 		
$011E	$	SOK22LD:
;math.ppas,876 :: 		
$011E	$0DF0			RLF	STACK_0, F
;math.ppas,877 :: 		
$011F	$0BFC			DECFSZ	STACK_12, F
;math.ppas,879 :: 		
$0120	$28FB			GOTO	LOOPS3232D
;math.ppas,880 :: 		
$0121	$1870			BTFSC	STACK_0, 0
;math.ppas,881 :: 		
$0122	$2931			GOTO	SOK22L
;math.ppas,882 :: 		
$0123	$0874			MOVF	STACK_4, W
;math.ppas,883 :: 		
$0124	$07F8			ADDWF	STACK_8, F
;math.ppas,884 :: 		
$0125	$0875			MOVF	STACK_5, W
;math.ppas,885 :: 		
$0126	$1803			BTFSC	STATUS, C
;math.ppas,886 :: 		
$0127	$0F75			INCFSZ	STACK_5, W
;math.ppas,887 :: 		
$0128	$07F9			ADDWF	STACK_9, F
;math.ppas,888 :: 		
$0129	$0876			MOVF	STACK_6, W
;math.ppas,889 :: 		
$012A	$1803			BTFSC	STATUS, C
;math.ppas,890 :: 		
$012B	$0F76			INCFSZ	STACK_6, W
;math.ppas,891 :: 		
$012C	$07FA			ADDWF	STACK_10, F
;math.ppas,892 :: 		
$012D	$0877			MOVF	STACK_7, W
;math.ppas,893 :: 		
$012E	$1803			BTFSC	STATUS, C
;math.ppas,894 :: 		
$012F	$0F77			INCFSZ	STACK_7, W
;math.ppas,895 :: 		
$0130	$07FB			ADDWF	STACK_11, F
;math.ppas,896 :: 		
$0131	$	SOK22L:
;math.ppas,897 :: 		
$0131	$	math_L_9:
;math.ppas,898 :: 		
$0131	$0008			RETURN
$0675	$	_comfrem:
$0675	$1303			BCF	STATUS, RP1
$0676	$1283			BCF	STATUS, RP0
;math.ppas,901 :: 		
;math.ppas,903 :: 		
$0677	$09FB			COMF	STACK_11, F
;math.ppas,904 :: 		
$0678	$09FA			COMF	STACK_10, F
;math.ppas,905 :: 		
$0679	$09F9			COMF	STACK_9, F
;math.ppas,906 :: 		
$067A	$09F8			COMF	STACK_8, F
;math.ppas,907 :: 		
$067B	$0AF8			INCF	STACK_8, F
;math.ppas,908 :: 		
$067C	$1903			BTFSC	STATUS, Z
;math.ppas,909 :: 		
$067D	$0AF9			INCF	STACK_9, F
;math.ppas,910 :: 		
$067E	$1903			BTFSC	STATUS, Z
;math.ppas,911 :: 		
$067F	$0AFA			INCF	STACK_10, F
;math.ppas,912 :: 		
$0680	$1903			BTFSC	STATUS, Z
;math.ppas,913 :: 		
$0681	$0AFB			INCF	STACK_11, F
;math.ppas,914 :: 		
$0682	$	math_L_10:
;math.ppas,915 :: 		
$0682	$0008			RETURN
$0663	$	_usart_write:
;USART_b75.ppas,40 :: 		
;USART_b75.ppas,42 :: 		
$0663	$	USART_b75_L_14:
$0663	$1303			BCF	STATUS, RP1
$0664	$1683			BSF	STATUS, RP0
$0665	$0818			MOVF	TXSTA, 0
$0666	$00F1			MOVWF	STACK_1
$0667	$3000			MOVLW	0
$0668	$18F1			BTFSC	STACK_1, 1
$0669	$3001			MOVLW	1
$066A	$00F1			MOVWF	STACK_1
$066B	$0871			MOVF	STACK_1, 0
$066C	$3A00			XORLW	0
$066D	$1D03			BTFSS	STATUS, Z
$066E	$2E71			GOTO	USART_b75_L_15
;USART_b75.ppas,43 :: 		
$066F	$0000			NOP
$0670	$2E63			GOTO	USART_b75_L_14
$0671	$	USART_b75_L_15:
;USART_b75.ppas,44 :: 		
$0671	$1283			BCF	STATUS, RP0
$0672	$0854			MOVF	FARG_USART_Write, 0
$0673	$0099			MOVWF	TXREG
$0674	$	USART_b75_L_12:
;USART_b75.ppas,45 :: 		
$0674	$0008			RETURN
$0683	$	_usart_data_ready:
;USART_b75.ppas,48 :: 		
;USART_b75.ppas,50 :: 		
$0683	$1303			BCF	STATUS, RP1
$0684	$1283			BCF	STATUS, RP0
$0685	$080C			MOVF	PIR1, 0
$0686	$00F1			MOVWF	STACK_1
$0687	$3000			MOVLW	0
$0688	$1AF1			BTFSC	STACK_1, 5
$0689	$3001			MOVLW	1
$068A	$00F1			MOVWF	STACK_1
$068B	$0871			MOVF	STACK_1, 0
$068C	$00CE			MOVWF	_usart_data_ready_local_result
$068D	$	USART_b75_L_18:
;USART_b75.ppas,51 :: 		
$068D	$084E			MOVF	_usart_data_ready_local_result, 0
$068E	$00F0			MOVWF	STACK_0
$068F	$0008			RETURN
$0650	$	_usart_read:
;USART_b75.ppas,54 :: 		
;USART_b75.ppas,55 :: 		
$0650	$1303			BCF	STATUS, RP1
$0651	$1283			BCF	STATUS, RP0
$0652	$081A			MOVF	RCREG, 0
$0653	$00CE			MOVWF	_usart_read_local_result
;USART_b75.ppas,61 :: 		
$0654	$0818			MOVF	RCSTA, 0
$0655	$00F1			MOVWF	STACK_1
$0656	$3000			MOVLW	0
$0657	$18F1			BTFSC	STACK_1, 1
$0658	$3001			MOVLW	1
$0659	$00F1			MOVWF	STACK_1
$065A	$0871			MOVF	STACK_1, 0
$065B	$3A01			XORLW	1
$065C	$1D03			BTFSS	STATUS, Z
$065D	$2E60			GOTO	USART_b75_L_21
$065E	$	USART_b75_L_20:
;USART_b75.ppas,63 :: 		
$065E	$1218			BCF	RCSTA, 4
$065F	$	USART_b75_L_24:
;USART_b75.ppas,64 :: 		
$065F	$	USART_b75_L_25:
$065F	$1618			BSF	RCSTA, 4
$0660	$	USART_b75_L_26:
;USART_b75.ppas,65 :: 		
$0660	$	USART_b75_L_21:
$0660	$	USART_b75_L_22:
$0660	$	USART_b75_L_19:
;USART_b75.ppas,66 :: 		
$0660	$084E			MOVF	_usart_read_local_result, 0
$0661	$00F0			MOVWF	STACK_0
$0662	$0008			RETURN
$0569	$	_mul_32x32_s:
$0569	$1303			BCF	STATUS, RP1
$056A	$1283			BCF	STATUS, RP0
;math.ppas,1675 :: 		
;math.ppas,1680 :: 		
$056B	$01FD			CLRF	STACK_13
;math.ppas,1683 :: 		
$056C	$	_IF_FIRST:
;math.ppas,1684 :: 		
$056C	$1FF3			BTFSS	STACK_3, 7
;math.ppas,1686 :: 		
$056D	$2D7B			GOTO	_IF_SECOND
;math.ppas,1691 :: 		
$056E	$	_INVERCE_FIRST:
;math.ppas,1692 :: 		
$056E	$09F0			COMF	STACK_0, F
;math.ppas,1693 :: 		
$056F	$09F1			COMF	STACK_1, F
;math.ppas,1694 :: 		
$0570	$09F2			COMF	STACK_2, F
;math.ppas,1701 :: 		
$0571	$09F3			COMF	STACK_3, F
;math.ppas,1702 :: 		
$0572	$0AF0			INCF	STACK_0, F
;math.ppas,1703 :: 		
$0573	$1903			BTFSC	STATUS, Z
;math.ppas,1704 :: 		
$0574	$0AF1			INCF	STACK_1, F
;math.ppas,1705 :: 		
$0575	$1903			BTFSC	STATUS, Z
;math.ppas,1706 :: 		
$0576	$0AF2			INCF	STACK_2, F
;math.ppas,1707 :: 		
$0577	$1903			BTFSC	STATUS, Z
;math.ppas,1708 :: 		
$0578	$0AF3			INCF	STACK_3, F
;math.ppas,1709 :: 		
$0579	$3081			MOVLW	129
;math.ppas,1711 :: 		
$057A	$07FD			ADDWF	STACK_13, F
;math.ppas,1714 :: 		
$057B	$	_IF_SECOND:
;math.ppas,1715 :: 		
$057B	$1FF7			BTFSS	STACK_7, 7
;math.ppas,1717 :: 		
$057C	$2D89			GOTO	_MULT
;math.ppas,1722 :: 		
$057D	$	_INBERSE_SECOND:
;math.ppas,1723 :: 		
$057D	$09F4			COMF	STACK_4, F
;math.ppas,1724 :: 		
$057E	$09F5			COMF	STACK_5, F
;math.ppas,1725 :: 		
$057F	$09F6			COMF	STACK_6, F
;math.ppas,1732 :: 		
$0580	$09F7			COMF	STACK_7, F
;math.ppas,1733 :: 		
$0581	$0AF4			INCF	STACK_4, F
;math.ppas,1734 :: 		
$0582	$1903			BTFSC	STATUS, Z
;math.ppas,1735 :: 		
$0583	$0AF5			INCF	STACK_5, F
;math.ppas,1736 :: 		
$0584	$1903			BTFSC	STATUS, Z
;math.ppas,1737 :: 		
$0585	$0AF6			INCF	STACK_6, F
;math.ppas,1738 :: 		
$0586	$1903			BTFSC	STATUS, Z
;math.ppas,1739 :: 		
$0587	$0AF7			INCF	STACK_7, F
;math.ppas,1741 :: 		
$0588	$0AFD			INCF	STACK_13, F
;math.ppas,1742 :: 		
$0589	$	_MULT:
;math.ppas,1744 :: 		
$0589	$25A4			CALL	_mul_32x32_u
;math.ppas,1748 :: 		
$058A	$1C7D			BTFSS	STACK_13, 0
;math.ppas,1754 :: 		
$058B	$2DA3			GOTO	_EXIT
;math.ppas,1755 :: 		
$058C	$09F0			COMF	STACK_0, F
;math.ppas,1756 :: 		
$058D	$09F1			COMF	STACK_1, F
;math.ppas,1757 :: 		
$058E	$09F2			COMF	STACK_2, F
;math.ppas,1763 :: 		
$058F	$09F3			COMF	STACK_3, F
;math.ppas,1764 :: 		
$0590	$09F8			COMF	STACK_8, F
;math.ppas,1765 :: 		
$0591	$09F9			COMF	STACK_9, F
;math.ppas,1766 :: 		
$0592	$09FA			COMF	STACK_10, F
;math.ppas,1776 :: 		
$0593	$09FB			COMF	STACK_11, F
;math.ppas,1777 :: 		
$0594	$0AF0			INCF	STACK_0, F
;math.ppas,1778 :: 		
$0595	$1903			BTFSC	STATUS, Z
;math.ppas,1779 :: 		
$0596	$0AF1			INCF	STACK_1, F
;math.ppas,1780 :: 		
$0597	$1903			BTFSC	STATUS, Z
;math.ppas,1781 :: 		
$0598	$0AF2			INCF	STACK_2, F
;math.ppas,1782 :: 		
$0599	$1903			BTFSC	STATUS, Z
;math.ppas,1783 :: 		
$059A	$0AF3			INCF	STACK_3, F
;math.ppas,1784 :: 		
$059B	$1903			BTFSC	STATUS, Z
;math.ppas,1785 :: 		
$059C	$0AF8			INCF	STACK_8, F
;math.ppas,1786 :: 		
$059D	$1903			BTFSC	STATUS, Z
;math.ppas,1787 :: 		
$059E	$0AF9			INCF	STACK_9, F
;math.ppas,1788 :: 		
$059F	$1903			BTFSC	STATUS, Z
;math.ppas,1789 :: 		
$05A0	$0AFA			INCF	STACK_10, F
;math.ppas,1790 :: 		
$05A1	$1903			BTFSC	STATUS, Z
;math.ppas,1791 :: 		
$05A2	$0AFB			INCF	STACK_11, F
;math.ppas,1792 :: 		
$05A3	$	_EXIT:
;math.ppas,1793 :: 		
$05A3	$	math_L_14:
;math.ppas,1794 :: 		
$05A3	$0008			RETURN
$0608	$	_div_16x16_u:
$0608	$1303			BCF	STATUS, RP1
$0609	$1283			BCF	STATUS, RP0
;math.ppas,108 :: 		
;math.ppas,110 :: 		
$060A	$01F8			CLRF	STACK_8
;math.ppas,111 :: 		
$060B	$01F9			CLRF	STACK_9
;math.ppas,112 :: 		
$060C	$3010			MOVLW	16
;math.ppas,113 :: 		
$060D	$00FC			MOVWF	STACK_12
;math.ppas,114 :: 		
$060E	$0D71			RLF	STACK_1, W
;math.ppas,115 :: 		
$060F	$0DF8			RLF	STACK_8, F
;math.ppas,116 :: 		
$0610	$0DF9			RLF	STACK_9, F
;math.ppas,117 :: 		
$0611	$0874			MOVF	STACK_4, W
;math.ppas,118 :: 		
$0612	$02F8			SUBWF	STACK_8, F
;math.ppas,119 :: 		
$0613	$0875			MOVF	STACK_5, W
;math.ppas,120 :: 		
$0614	$1C03			BTFSS	STATUS, C
;math.ppas,121 :: 		
$0615	$0F75			INCFSZ	STACK_5, W
;math.ppas,122 :: 		
$0616	$02F9			SUBWF	STACK_9, F
;math.ppas,123 :: 		
$0617	$1803			BTFSC	STATUS, C
;math.ppas,124 :: 		
$0618	$2E20			GOTO	$+8
;math.ppas,125 :: 		
$0619	$0874			MOVF	STACK_4, W
;math.ppas,126 :: 		
$061A	$07F8			ADDWF	STACK_8, F
;math.ppas,127 :: 		
$061B	$0875			MOVF	STACK_5, W
;math.ppas,128 :: 		
$061C	$1803			BTFSC	STATUS, C
;math.ppas,129 :: 		
$061D	$0F75			INCFSZ	STACK_5, W
;math.ppas,130 :: 		
$061E	$07F9			ADDWF	STACK_9, F
;math.ppas,131 :: 		
$061F	$1003			BCF	STATUS, C
;math.ppas,132 :: 		
$0620	$0DF0			RLF	STACK_0, F
;math.ppas,133 :: 		
$0621	$0DF1			RLF	STACK_1, F
;math.ppas,134 :: 		
$0622	$0BFC			DECFSZ	STACK_12, F
;math.ppas,135 :: 		
$0623	$2E0E			GOTO	$-21
;math.ppas,136 :: 		
$0624	$	math_L_3:
;math.ppas,137 :: 		
$0624	$0008			RETURN
$02A3	$	_div_32x32_s:
$02A3	$1303			BCF	STATUS, RP1
$02A4	$1283			BCF	STATUS, RP0
;math.ppas,925 :: 		
;math.ppas,928 :: 		
$02A5	$	FXD3232S:
;math.ppas,929 :: 		
$02A5	$01FC			CLRF	STACK_12
;math.ppas,930 :: 		
$02A6	$1BF7			BTFSC	STACK_7, 7
;math.ppas,932 :: 		
$02A7	$0AFC			INCF	STACK_12, F
;math.ppas,933 :: 		
$02A8	$01FD			CLRF	STACK_13
;math.ppas,934 :: 		
$02A9	$01FB			CLRF	STACK_11
;math.ppas,935 :: 		
$02AA	$01FA			CLRF	STACK_10
;math.ppas,936 :: 		
$02AB	$01F9			CLRF	STACK_9
;math.ppas,937 :: 		
$02AC	$01F8			CLRF	STACK_8
;math.ppas,938 :: 		
$02AD	$0873			MOVF	STACK_3, W
;math.ppas,939 :: 		
$02AE	$0472			IORWF	STACK_2, W
;math.ppas,940 :: 		
$02AF	$0471			IORWF	STACK_1, W
;math.ppas,941 :: 		
$02B0	$0470			IORWF	STACK_0, W
;math.ppas,942 :: 		
$02B1	$1903			BTFSC	STATUS, Z
;math.ppas,943 :: 		
$02B2	$2B37			GOTO	END_ALL
;math.ppas,944 :: 		
$02B3	$0873			MOVF	STACK_3, W
;math.ppas,945 :: 		
$02B4	$0677			XORWF	STACK_7, W
;math.ppas,946 :: 		
$02B5	$00A0			MOVWF	MATH___MATH_TEMPB
;math.ppas,947 :: 		
$02B6	$1BA0			BTFSC	MATH___MATH_TEMPB, 7
;math.ppas,951 :: 		
$02B7	$09FD			COMF	STACK_13, F
;math.ppas,952 :: 		
$02B8	$1FF7			BTFSS	STACK_7, 7
;math.ppas,954 :: 		
$02B9	$2AC5			GOTO	CA3232S
;math.ppas,955 :: 		
$02BA	$09F4			COMF	STACK_4, F
;math.ppas,956 :: 		
$02BB	$09F5			COMF	STACK_5, F
;math.ppas,957 :: 		
$02BC	$09F6			COMF	STACK_6, F
;math.ppas,958 :: 		
$02BD	$09F7			COMF	STACK_7, F
;math.ppas,959 :: 		
$02BE	$0AF4			INCF	STACK_4, F
;math.ppas,960 :: 		
$02BF	$1903			BTFSC	STATUS, Z
;math.ppas,961 :: 		
$02C0	$0AF5			INCF	STACK_5, F
;math.ppas,962 :: 		
$02C1	$1903			BTFSC	STATUS, Z
;math.ppas,963 :: 		
$02C2	$0AF6			INCF	STACK_6, F
;math.ppas,964 :: 		
$02C3	$1903			BTFSC	STATUS, Z
;math.ppas,966 :: 		
$02C4	$0AF7			INCF	STACK_7, F
;math.ppas,967 :: 		
$02C5	$	CA3232S:
;math.ppas,968 :: 		
$02C5	$1FF3			BTFSS	STACK_3, 7
;math.ppas,970 :: 		
$02C6	$2AD2			GOTO	C3232SX
;math.ppas,971 :: 		
$02C7	$09F0			COMF	STACK_0, F
;math.ppas,972 :: 		
$02C8	$09F1			COMF	STACK_1, F
;math.ppas,973 :: 		
$02C9	$09F2			COMF	STACK_2, F
;math.ppas,974 :: 		
$02CA	$09F3			COMF	STACK_3, F
;math.ppas,975 :: 		
$02CB	$0AF0			INCF	STACK_0, F
;math.ppas,976 :: 		
$02CC	$1903			BTFSC	STATUS, Z
;math.ppas,977 :: 		
$02CD	$0AF1			INCF	STACK_1, F
;math.ppas,978 :: 		
$02CE	$1903			BTFSC	STATUS, Z
;math.ppas,979 :: 		
$02CF	$0AF2			INCF	STACK_2, F
;math.ppas,980 :: 		
$02D0	$1903			BTFSC	STATUS, Z
;math.ppas,982 :: 		
$02D1	$0AF3			INCF	STACK_3, F
;math.ppas,983 :: 		
$02D2	$	C3232SX:
;math.ppas,984 :: 		
$02D2	$0873			MOVF	STACK_3, W
;math.ppas,985 :: 		
$02D3	$0477			IORWF	STACK_7, W
;math.ppas,986 :: 		
$02D4	$00A0			MOVWF	MATH___MATH_TEMPB
;math.ppas,987 :: 		
$02D5	$1BA0			BTFSC	MATH___MATH_TEMPB, 7
;math.ppas,988 :: 		
$02D6	$2AF3			GOTO	C3232SX1
;math.ppas,989 :: 		
$02D7	$	C3232S:
;math.ppas,992 :: 		
$02D7	$2004			CALL	_sdiv3232l
;math.ppas,995 :: 		
$02D8	$	C3232S2:
;math.ppas,996 :: 		
$02D8	$1BFC			BTFSC	STACK_12, 7
;math.ppas,997 :: 		
$02D9	$2B10			GOTO	C3232SX4
;math.ppas,998 :: 		
$02DA	$	C3232SOK:
;math.ppas,999 :: 		
$02DA	$1FFD			BTFSS	STACK_13, 7
;math.ppas,1000 :: 		
$02DB	$2B37			GOTO	END_ALL
;math.ppas,1001 :: 		
$02DC	$09F0			COMF	STACK_0, F
;math.ppas,1002 :: 		
$02DD	$09F1			COMF	STACK_1, F
;math.ppas,1003 :: 		
$02DE	$09F2			COMF	STACK_2, F
;math.ppas,1004 :: 		
$02DF	$09F3			COMF	STACK_3, F
;math.ppas,1005 :: 		
$02E0	$0AF0			INCF	STACK_0, F
;math.ppas,1006 :: 		
$02E1	$1903			BTFSC	STATUS, Z
;math.ppas,1007 :: 		
$02E2	$0AF1			INCF	STACK_1, F
;math.ppas,1008 :: 		
$02E3	$1903			BTFSC	STATUS, Z
;math.ppas,1009 :: 		
$02E4	$0AF2			INCF	STACK_2, F
;math.ppas,1010 :: 		
$02E5	$1903			BTFSC	STATUS, Z
;math.ppas,1012 :: 		
$02E6	$0AF3			INCF	STACK_3, F
;math.ppas,1013 :: 		
$02E7	$09F8			COMF	STACK_8, F
;math.ppas,1014 :: 		
$02E8	$09F9			COMF	STACK_9, F
;math.ppas,1015 :: 		
$02E9	$09FA			COMF	STACK_10, F
;math.ppas,1016 :: 		
$02EA	$09FB			COMF	STACK_11, F
;math.ppas,1017 :: 		
$02EB	$0AF8			INCF	STACK_8, F
;math.ppas,1018 :: 		
$02EC	$1903			BTFSC	STATUS, Z
;math.ppas,1019 :: 		
$02ED	$0AF9			INCF	STACK_9, F
;math.ppas,1020 :: 		
$02EE	$1903			BTFSC	STATUS, Z
;math.ppas,1021 :: 		
$02EF	$0AFA			INCF	STACK_10, F
;math.ppas,1022 :: 		
$02F0	$1903			BTFSC	STATUS, Z
;math.ppas,1024 :: 		
$02F1	$0AFB			INCF	STACK_11, F
;math.ppas,1025 :: 		
$02F2	$2B37			GOTO	END_ALL
;math.ppas,1026 :: 		
$02F3	$	C3232SX1:
;math.ppas,1027 :: 		
$02F3	$1FF7			BTFSS	STACK_7, 7
;math.ppas,1028 :: 		
$02F4	$2B0A			GOTO	C3232SX3
;math.ppas,1029 :: 		
$02F5	$1BF3			BTFSC	STACK_3, 7
;math.ppas,1030 :: 		
$02F6	$2B04			GOTO	C3232SX2
;math.ppas,1031 :: 		
$02F7	$0873			MOVF	STACK_3, W
;math.ppas,1032 :: 		
$02F8	$00FB			MOVWF	STACK_11
;math.ppas,1033 :: 		
$02F9	$0872			MOVF	STACK_2, W
;math.ppas,1034 :: 		
$02FA	$00FA			MOVWF	STACK_10
;math.ppas,1035 :: 		
$02FB	$0871			MOVF	STACK_1, W
;math.ppas,1036 :: 		
$02FC	$00F9			MOVWF	STACK_9
;math.ppas,1037 :: 		
$02FD	$0870			MOVF	STACK_0, W
;math.ppas,1038 :: 		
$02FE	$00F8			MOVWF	STACK_8
;math.ppas,1039 :: 		
$02FF	$01F3			CLRF	STACK_3
;math.ppas,1040 :: 		
$0300	$01F2			CLRF	STACK_2
;math.ppas,1041 :: 		
$0301	$01F1			CLRF	STACK_1
;math.ppas,1042 :: 		
$0302	$01F0			CLRF	STACK_0
;math.ppas,1043 :: 		
$0303	$2ADA			GOTO	C3232SOK
;math.ppas,1044 :: 		
$0304	$	C3232SX2:
;math.ppas,1045 :: 		
$0304	$01F3			CLRF	STACK_3
;math.ppas,1046 :: 		
$0305	$01F2			CLRF	STACK_2
;math.ppas,1047 :: 		
$0306	$01F1			CLRF	STACK_1
;math.ppas,1048 :: 		
$0307	$01F0			CLRF	STACK_0
;math.ppas,1049 :: 		
$0308	$0AF0			INCF	STACK_0, F
;math.ppas,1051 :: 		
$0309	$3400			RETLW	0X00
;math.ppas,1052 :: 		
$030A	$	C3232SX3:
;math.ppas,1053 :: 		
$030A	$09F3			COMF	STACK_3, F
;math.ppas,1054 :: 		
$030B	$09F2			COMF	STACK_2, F
;math.ppas,1055 :: 		
$030C	$09F1			COMF	STACK_1, F
;math.ppas,1057 :: 		
$030D	$09F0			COMF	STACK_0, F
;math.ppas,1059 :: 		
$030E	$17FC			BSF	STACK_12, 7
;math.ppas,1060 :: 		
$030F	$2AD7			GOTO	C3232S
;math.ppas,1061 :: 		
$0310	$	C3232SX4:
;math.ppas,1062 :: 		
$0310	$0AF8			INCF	STACK_8, F
;math.ppas,1063 :: 		
$0311	$1903			BTFSC	STATUS, Z
;math.ppas,1064 :: 		
$0312	$0AF9			INCF	STACK_9, F
;math.ppas,1065 :: 		
$0313	$1903			BTFSC	STATUS, Z
;math.ppas,1066 :: 		
$0314	$0AFA			INCF	STACK_10, F
;math.ppas,1067 :: 		
$0315	$1903			BTFSC	STATUS, Z
;math.ppas,1068 :: 		
$0316	$0AFB			INCF	STACK_11, F
;math.ppas,1069 :: 		
$0317	$0874			MOVF	STACK_4, W
;math.ppas,1070 :: 		
$0318	$0278			SUBWF	STACK_8, W
;math.ppas,1071 :: 		
$0319	$1D03			BTFSS	STATUS, Z
;math.ppas,1072 :: 		
$031A	$2ADA			GOTO	C3232SOK
;math.ppas,1073 :: 		
$031B	$0875			MOVF	STACK_5, W
;math.ppas,1074 :: 		
$031C	$0279			SUBWF	STACK_9, W
;math.ppas,1075 :: 		
$031D	$1D03			BTFSS	STATUS, Z
;math.ppas,1076 :: 		
$031E	$2ADA			GOTO	C3232SOK
;math.ppas,1077 :: 		
$031F	$0876			MOVF	STACK_6, W
;math.ppas,1078 :: 		
$0320	$027A			SUBWF	STACK_10, W
;math.ppas,1079 :: 		
$0321	$1D03			BTFSS	STATUS, Z
;math.ppas,1080 :: 		
$0322	$2ADA			GOTO	C3232SOK
;math.ppas,1081 :: 		
$0323	$0877			MOVF	STACK_7, W
;math.ppas,1082 :: 		
$0324	$027B			SUBWF	STACK_11, W
;math.ppas,1083 :: 		
$0325	$1D03			BTFSS	STATUS, Z
;math.ppas,1084 :: 		
$0326	$2ADA			GOTO	C3232SOK
;math.ppas,1085 :: 		
$0327	$01FB			CLRF	STACK_11
;math.ppas,1086 :: 		
$0328	$01FA			CLRF	STACK_10
;math.ppas,1087 :: 		
$0329	$01F9			CLRF	STACK_9
;math.ppas,1088 :: 		
$032A	$01F8			CLRF	STACK_8
;math.ppas,1089 :: 		
$032B	$0AF0			INCF	STACK_0, F
;math.ppas,1090 :: 		
$032C	$1903			BTFSC	STATUS, Z
;math.ppas,1091 :: 		
$032D	$0AF1			INCF	STACK_1, F
;math.ppas,1092 :: 		
$032E	$1903			BTFSC	STATUS, Z
;math.ppas,1093 :: 		
$032F	$0AF2			INCF	STACK_2, F
;math.ppas,1094 :: 		
$0330	$1903			BTFSC	STATUS, Z
;math.ppas,1095 :: 		
$0331	$0AF3			INCF	STACK_3, F
;math.ppas,1096 :: 		
$0332	$1FF3			BTFSS	STACK_3, 7
;math.ppas,1097 :: 		
$0333	$2ADA			GOTO	C3232SOK
;math.ppas,1098 :: 		
$0334	$01A0			CLRF	MATH___MATH_TEMPB
;math.ppas,1099 :: 		
$0335	$1620			BSF	MATH___MATH_TEMPB, 4
;math.ppas,1100 :: 		
$0336	$34FF			RETLW	0XFF
;math.ppas,1101 :: 		
$0337	$	END_ALL:
;math.ppas,1102 :: 		
$0337	$01A0			CLRF	MATH___MATH_TEMPB
;math.ppas,1103 :: 		
$0338	$1C7C			BTFSS	STACK_12, 0
;math.ppas,1104 :: 		
$0339	$2B3B			GOTO	AVOID_COMFREM
;math.ppas,1106 :: 		
$033A	$2675			CALL	_comfrem
;math.ppas,1108 :: 		
$033B	$	AVOID_COMFREM:
;math.ppas,1109 :: 		
$033B	$3F00			ADDLW	0X00
;math.ppas,1110 :: 		
$033C	$	math_L_11:
;math.ppas,1111 :: 		
$033C	$0008			RETURN
$033D	$	_vdelay_ms:
;delays.pbas,65 :: 		dim NumberOfCyc as dword
;delays.pbas,67 :: 		NumberOfCyc = Clock_kHz >> 2 ' this will be done by compiler, no asm will be genereated except that for assignment
$033D	$30E8			MOVLW	232
$033E	$1303			BCF	STATUS, RP1
$033F	$1283			BCF	STATUS, RP0
$0340	$00D0			MOVWF	_vdelay_ms_local_numberofcyc
$0341	$3003			MOVLW	3
$0342	$00D1			MOVWF	_vdelay_ms_local_numberofcyc+1
$0343	$01D2			CLRF	_vdelay_ms_local_numberofcyc+2
$0344	$01D3			CLRF	_vdelay_ms_local_numberofcyc+3
;delays.pbas,68 :: 		NumberOfCyc = Time_ms * NumberOfCyc
$0345	$084E			MOVF	FARG_VDelay_ms, 0
$0346	$00F0			MOVWF	STACK_0
$0347	$084F			MOVF	FARG_VDelay_ms+1, 0
$0348	$00F1			MOVWF	STACK_0+1
$0349	$01F2			CLRF	STACK_0+2
$034A	$01F3			CLRF	STACK_0+3
$034B	$30E8			MOVLW	232
$034C	$00F4			MOVWF	STACK_4
$034D	$3003			MOVLW	3
$034E	$00F5			MOVWF	STACK_4+1
$034F	$3000			MOVLW	0
$0350	$00F6			MOVWF	STACK_4+2
$0351	$3000			MOVLW	0
$0352	$00F7			MOVWF	STACK_4+3
$0353	$25A4			CALL	_mul_32x32_u
$0354	$0870			MOVF	STACK_0, 0
$0355	$00D0			MOVWF	_vdelay_ms_local_numberofcyc
$0356	$0871			MOVF	STACK_0+1, 0
$0357	$00D1			MOVWF	_vdelay_ms_local_numberofcyc+1
$0358	$0872			MOVF	STACK_0+2, 0
$0359	$00D2			MOVWF	_vdelay_ms_local_numberofcyc+2
$035A	$0873			MOVF	STACK_0+3, 0
$035B	$00D3			MOVWF	_vdelay_ms_local_numberofcyc+3
;delays.pbas,69 :: 		if NumberOfCyc < 675 then
$035C	$3000			MOVLW	0
$035D	$0273			SUBWF	STACK_0+3, 0
$035E	$1D03			BTFSS	STATUS, Z
$035F	$2B6A			GOTO	L_VDelay_ms_0
$0360	$3000			MOVLW	0
$0361	$0272			SUBWF	STACK_0+2, 0
$0362	$1D03			BTFSS	STATUS, Z
$0363	$2B6A			GOTO	L_VDelay_ms_0
$0364	$3002			MOVLW	2
$0365	$0271			SUBWF	STACK_0+1, 0
$0366	$1D03			BTFSS	STATUS, Z
$0367	$2B6A			GOTO	L_VDelay_ms_0
$0368	$30A3			MOVLW	163
$0369	$0270			SUBWF	STACK_0, 0
$036A	$	L_VDelay_ms_0:
$036A	$1803			BTFSC	STATUS, C
$036B	$2B6D			GOTO	delays_L_19
$036C	$	delays_L_18:
;delays.pbas,70 :: 		exit
$036C	$2BC4			GOTO	delays_L_17
$036D	$	delays_L_19:
;delays.pbas,71 :: 		end if
$036D	$	delays_L_20:
;delays.pbas,72 :: 		NumberOfCyc = NumberOfCyc - 675
$036D	$30A3			MOVLW	163
$036E	$00F0			MOVWF	STACK_0
$036F	$3002			MOVLW	2
$0370	$00F1			MOVWF	STACK_0+1
$0371	$01F2			CLRF	STACK_0+2
$0372	$01F3			CLRF	STACK_0+3
$0373	$0850			MOVF	_vdelay_ms_local_numberofcyc, 0
$0374	$00F4			MOVWF	STACK_4
$0375	$0851			MOVF	_vdelay_ms_local_numberofcyc+1, 0
$0376	$00F5			MOVWF	STACK_4+1
$0377	$0852			MOVF	_vdelay_ms_local_numberofcyc+2, 0
$0378	$00F6			MOVWF	STACK_4+2
$0379	$0853			MOVF	_vdelay_ms_local_numberofcyc+3, 0
$037A	$00F7			MOVWF	STACK_4+3
$037B	$0870			MOVF	STACK_0, 0
$037C	$02F4			SUBWF	STACK_4, 1
$037D	$0871			MOVF	STACK_0+1, 0
$037E	$1C03			BTFSS	STATUS, C
$037F	$0F71			INCFSZ	STACK_0+1, 0
$0380	$02F5			SUBWF	STACK_4+1, 1
$0381	$0872			MOVF	STACK_0+2, 0
$0382	$1C03			BTFSS	STATUS, C
$0383	$0F72			INCFSZ	STACK_0+2, 0
$0384	$02F6			SUBWF	STACK_4+2, 1
$0385	$0873			MOVF	STACK_0+3, 0
$0386	$1C03			BTFSS	STATUS, C
$0387	$0F73			INCFSZ	STACK_0+3, 0
$0388	$02F7			SUBWF	STACK_4+3, 1
$0389	$0874			MOVF	STACK_4, 0
$038A	$00D0			MOVWF	_vdelay_ms_local_numberofcyc
$038B	$0875			MOVF	STACK_4+1, 0
$038C	$00D1			MOVWF	_vdelay_ms_local_numberofcyc+1
$038D	$0876			MOVF	STACK_4+2, 0
$038E	$00D2			MOVWF	_vdelay_ms_local_numberofcyc+2
$038F	$0877			MOVF	STACK_4+3, 0
$0390	$00D3			MOVWF	_vdelay_ms_local_numberofcyc+3
;delays.pbas,73 :: 		NumberOfCyc = NumberOfCyc >> 5  ' Dec and While below take around 32 instructions
$0391	$3005			MOVLW	5
$0392	$00F0			MOVWF	STACK_0
$0393	$0874			MOVF	STACK_4, 0
$0394	$00D0			MOVWF	_vdelay_ms_local_numberofcyc
$0395	$0875			MOVF	STACK_4+1, 0
$0396	$00D1			MOVWF	_vdelay_ms_local_numberofcyc+1
$0397	$0876			MOVF	STACK_4+2, 0
$0398	$00D2			MOVWF	_vdelay_ms_local_numberofcyc+2
$0399	$0877			MOVF	STACK_4+3, 0
$039A	$00D3			MOVWF	_vdelay_ms_local_numberofcyc+3
$039B	$0870			MOVF	STACK_0, 0
$039C	$	L_VDelay_ms_1:
$039C	$1903			BTFSC	STATUS, Z
$039D	$2BA5			GOTO	L_VDelay_ms_2
$039E	$0CD3			RRF	_vdelay_ms_local_numberofcyc+3, 1
$039F	$0CD2			RRF	_vdelay_ms_local_numberofcyc+2, 1
$03A0	$0CD1			RRF	_vdelay_ms_local_numberofcyc+1, 1
$03A1	$0CD0			RRF	_vdelay_ms_local_numberofcyc, 1
$03A2	$13D3			BCF	_vdelay_ms_local_numberofcyc+3, 7
$03A3	$3FFF			ADDLW	255
$03A4	$2B9C			GOTO	L_VDelay_ms_1
$03A5	$	L_VDelay_ms_2:
;delays.pbas,74 :: 		while ( Lo(NumberOfCyc) or Hi(NumberOfCyc) or Higher(NumberOfCyc) or Highest(NumberOfCyc) ) <> 0
$03A5	$	delays_L_22:
$03A5	$30FF			MOVLW	255
$03A6	$0550			ANDWF	_vdelay_ms_local_numberofcyc, 0
$03A7	$00F8			MOVWF	STACK_8
$03A8	$0851			MOVF	_vdelay_ms_local_numberofcyc+1, 0
$03A9	$00F0			MOVWF	STACK_0
$03AA	$0870			MOVF	STACK_0, 0
$03AB	$04F8			IORWF	STACK_8, 1
$03AC	$0852			MOVF	_vdelay_ms_local_numberofcyc+2, 0
$03AD	$00F0			MOVWF	STACK_0
$03AE	$0853			MOVF	_vdelay_ms_local_numberofcyc+3, 0
$03AF	$00F1			MOVWF	STACK_0+1
$03B0	$0870			MOVF	STACK_0, 0
$03B1	$04F8			IORWF	STACK_8, 1
$03B2	$0853			MOVF	_vdelay_ms_local_numberofcyc+3, 0
$03B3	$00F0			MOVWF	STACK_0
$03B4	$0870			MOVF	STACK_0, 0
$03B5	$0478			IORWF	STACK_8, 0
$03B6	$00F4			MOVWF	STACK_4
$03B7	$0874			MOVF	STACK_4, 0
$03B8	$3A00			XORLW	0
$03B9	$1903			BTFSC	STATUS, Z
$03BA	$2BC4			GOTO	delays_L_23
;delays.pbas,75 :: 		Dec(NumberOfCyc)
$03BB	$3001			MOVLW	1
$03BC	$02D0			SUBWF	_vdelay_ms_local_numberofcyc, 1
$03BD	$1C03			BTFSS	STATUS, C
$03BE	$02D1			SUBWF	_vdelay_ms_local_numberofcyc+1, 1
$03BF	$1C03			BTFSS	STATUS, C
$03C0	$02D2			SUBWF	_vdelay_ms_local_numberofcyc+2, 1
$03C1	$1C03			BTFSS	STATUS, C
$03C2	$02D3			SUBWF	_vdelay_ms_local_numberofcyc+3, 1
$03C3	$2BA5			GOTO	delays_L_22
$03C4	$	delays_L_23:
;delays.pbas,76 :: 		wend
$03C4	$	delays_L_17:
$03C4	$0008			RETURN
$0625	$	_usart_write_text:
;USART_b75.ppas,121 :: 		
;USART_b75.ppas,122 :: 		
$0625	$1303			BCF	STATUS, RP1
$0626	$1283			BCF	STATUS, RP0
$0627	$01CF			CLRF	_usart_write_text_local_i, 1
;USART_b75.ppas,123 :: 		
$0628	$084E			MOVF	FARG_Usart_Write_Text, 0
$0629	$0084			MOVWF	FSR
$062A	$0800			MOVF	INDF, 0
$062B	$00D0			MOVWF	_usart_write_text_local_data
;USART_b75.ppas,124 :: 		
$062C	$	USART_b75_L_47:
$062C	$0850			MOVF	_usart_write_text_local_data, 0
$062D	$3A00			XORLW	0
$062E	$1903			BTFSC	STATUS, Z
$062F	$2E3A			GOTO	USART_b75_L_48
;USART_b75.ppas,126 :: 		
$0630	$0850			MOVF	_usart_write_text_local_data, 0
$0631	$00D4			MOVWF	FARG_USART_Write
$0632	$2663			CALL	_usart_write
;USART_b75.ppas,127 :: 		
$0633	$0ACF			INCF	_usart_write_text_local_i, 1
;USART_b75.ppas,128 :: 		
$0634	$084F			MOVF	_usart_write_text_local_i, 0
$0635	$074E			ADDWF	FARG_Usart_Write_Text, 0
$0636	$0084			MOVWF	FSR
$0637	$0800			MOVF	INDF, 0
$0638	$00D0			MOVWF	_usart_write_text_local_data
;USART_b75.ppas,129 :: 		
$0639	$2E2C			GOTO	USART_b75_L_47
$063A	$	USART_b75_L_48:
$063A	$	USART_b75_L_45:
;USART_b75.ppas,130 :: 		
$063A	$0008			RETURN
$05DB	$	_div_16x16_s_l:
$05DB	$1303			BCF	STATUS, RP1
$05DC	$1283			BCF	STATUS, RP0
;math.ppas,291 :: 		
;math.ppas,293 :: 		
$05DD	$0D71			RLF	STACK_1, W
;math.ppas,294 :: 		
$05DE	$0DF8			RLF	STACK_8, F
;math.ppas,295 :: 		
$05DF	$0DF9			RLF	STACK_9, F
;math.ppas,296 :: 		
$05E0	$0874			MOVF	STACK_4, W
;math.ppas,297 :: 		
$05E1	$02F8			SUBWF	STACK_8, F
;math.ppas,298 :: 		
$05E2	$0875			MOVF	STACK_5, W
;math.ppas,299 :: 		
$05E3	$1C03			BTFSS	STATUS, C
;math.ppas,300 :: 		
$05E4	$0F75			INCFSZ	STACK_5, W
;math.ppas,301 :: 		
$05E5	$02F9			SUBWF	STACK_9, F
;math.ppas,302 :: 		
$05E6	$0DF0			RLF	STACK_0, F
;math.ppas,304 :: 		
$05E7	$0DF1			RLF	STACK_1, F
;math.ppas,305 :: 		
$05E8	$300F			MOVLW	15
;math.ppas,307 :: 		
$05E9	$00FC			MOVWF	STACK_12
;math.ppas,308 :: 		
$05EA	$0D71			RLF	STACK_1, W
;math.ppas,309 :: 		
$05EB	$0DF8			RLF	STACK_8, F
;math.ppas,310 :: 		
$05EC	$0DF9			RLF	STACK_9, F
;math.ppas,312 :: 		
$05ED	$0874			MOVF	STACK_4, W
;math.ppas,313 :: 		
$05EE	$1C70			BTFSS	STACK_0, 0
;math.ppas,314 :: 		
$05EF	$2DF6			GOTO	$+7
;math.ppas,315 :: 		
$05F0	$02F8			SUBWF	STACK_8, F
;math.ppas,316 :: 		
$05F1	$0875			MOVF	STACK_5, W
;math.ppas,317 :: 		
$05F2	$1C03			BTFSS	STATUS, C
;math.ppas,318 :: 		
$05F3	$0F75			INCFSZ	STACK_5, W
;math.ppas,319 :: 		
$05F4	$02F9			SUBWF	STACK_9, F
;math.ppas,321 :: 		
$05F5	$2DFB			GOTO	$+6
;math.ppas,322 :: 		
$05F6	$07F8			ADDWF	STACK_8, F
;math.ppas,323 :: 		
$05F7	$0875			MOVF	STACK_5, W
;math.ppas,324 :: 		
$05F8	$1803			BTFSC	STATUS, C
;math.ppas,325 :: 		
$05F9	$0F75			INCFSZ	STACK_5, W
;math.ppas,327 :: 		
$05FA	$07F9			ADDWF	STACK_9, F
;math.ppas,328 :: 		
$05FB	$0DF0			RLF	STACK_0, F
;math.ppas,330 :: 		
$05FC	$0DF1			RLF	STACK_1, F
;math.ppas,331 :: 		
$05FD	$0BFC			DECFSZ	STACK_12, F
;math.ppas,333 :: 		
$05FE	$2DEA			GOTO	$-20
;math.ppas,334 :: 		
$05FF	$1870			BTFSC	STACK_0, 0
;math.ppas,335 :: 		
$0600	$2E07			GOTO	$+7
;math.ppas,336 :: 		
$0601	$0874			MOVF	STACK_4, W
;math.ppas,337 :: 		
$0602	$07F8			ADDWF	STACK_8, F
;math.ppas,338 :: 		
$0603	$0875			MOVF	STACK_5, W
;math.ppas,339 :: 		
$0604	$1803			BTFSC	STATUS, C
;math.ppas,340 :: 		
$0605	$0F75			INCFSZ	STACK_5, W
;math.ppas,341 :: 		
$0606	$07F9			ADDWF	STACK_9, F
;math.ppas,342 :: 		
$0607	$	math_L_6:
;math.ppas,343 :: 		
$0607	$0008			RETURN
$0497	$	_usart_read_text:
;USART_b75.ppas,78 :: 		
;USART_b75.ppas,79 :: 		
$0497	$1303			BCF	STATUS, RP1
$0498	$1283			BCF	STATUS, RP0
$0499	$01C3			CLRF	_usart_read_text_local_i, 1
;USART_b75.ppas,80 :: 		
$049A	$01C4			CLRF	_usart_read_text_local_j, 1
;USART_b75.ppas,81 :: 		
$049B	$01C7			CLRF	_usart_read_text_local_lasti, 1
;USART_b75.ppas,82 :: 		
$049C	$0842			MOVF	FARG_Usart_Read_Text+1, 0
$049D	$0084			MOVWF	FSR
$049E	$0800			MOVF	INDF, 0
$049F	$00C6			MOVWF	_usart_read_text_local_data2
;USART_b75.ppas,83 :: 		
$04A0	$	USART_b75_L_29:
;USART_b75.ppas,85 :: 		
$04A0	$2683			CALL	_usart_data_ready
$04A1	$0870			MOVF	STACK_0, 0
$04A2	$3A00			XORLW	0
$04A3	$1903			BTFSC	STATUS, Z
$04A4	$2CD0			GOTO	USART_b75_L_34
$04A5	$	USART_b75_L_33:
;USART_b75.ppas,87 :: 		
$04A5	$2650			CALL	_usart_read
$04A6	$0870			MOVF	STACK_0, 0
$04A7	$00C5			MOVWF	_usart_read_text_local_data
;USART_b75.ppas,88 :: 		
$04A8	$0843			MOVF	_usart_read_text_local_i, 0
$04A9	$0741			ADDWF	FARG_Usart_Read_Text, 0
$04AA	$00F1			MOVWF	STACK_1
$04AB	$0871			MOVF	STACK_1, 0
$04AC	$0084			MOVWF	FSR
$04AD	$0871			MOVF	STACK_1, 0
$04AE	$0084			MOVWF	FSR
$04AF	$0870			MOVF	STACK_0, 0
$04B0	$0080			MOVWF	INDF
;USART_b75.ppas,89 :: 		
$04B1	$0845			MOVF	_usart_read_text_local_data, 0
$04B2	$0646			XORWF	_usart_read_text_local_data2, 0
$04B3	$1D03			BTFSS	STATUS, Z
$04B4	$2CBA			GOTO	USART_b75_L_37
$04B5	$	USART_b75_L_36:
;USART_b75.ppas,91 :: 		
$04B5	$0844			MOVF	_usart_read_text_local_j, 0
$04B6	$0243			SUBWF	_usart_read_text_local_i, 0
$04B7	$00C7			MOVWF	_usart_read_text_local_lasti
;USART_b75.ppas,92 :: 		
$04B8	$0AC4			INCF	_usart_read_text_local_j, 1
;USART_b75.ppas,93 :: 		
$04B9	$2CBC			GOTO	USART_b75_L_38
;USART_b75.ppas,94 :: 		
$04BA	$	USART_b75_L_37:
;USART_b75.ppas,96 :: 		
$04BA	$01C4			CLRF	_usart_read_text_local_j, 1
;USART_b75.ppas,97 :: 		
$04BB	$01C7			CLRF	_usart_read_text_local_lasti, 1
;USART_b75.ppas,98 :: 		
$04BC	$	USART_b75_L_38:
;USART_b75.ppas,100 :: 		
$04BC	$0844			MOVF	_usart_read_text_local_j, 0
$04BD	$0742			ADDWF	FARG_Usart_Read_Text+1, 0
$04BE	$0084			MOVWF	FSR
$04BF	$0800			MOVF	INDF, 0
$04C0	$00F1			MOVWF	STACK_1
$04C1	$0871			MOVF	STACK_1, 0
$04C2	$00C6			MOVWF	_usart_read_text_local_data2
;USART_b75.ppas,102 :: 		
$04C3	$0871			MOVF	STACK_1, 0
$04C4	$3A00			XORLW	0
$04C5	$1D03			BTFSS	STATUS, Z
$04C6	$2CC8			GOTO	USART_b75_L_40
$04C7	$	USART_b75_L_39:
;USART_b75.ppas,103 :: 		
$04C7	$2CD1			GOTO	USART_b75_L_30
$04C8	$	USART_b75_L_40:
$04C8	$	USART_b75_L_41:
;USART_b75.ppas,105 :: 		
$04C8	$0AC3			INCF	_usart_read_text_local_i, 1
;USART_b75.ppas,106 :: 		
$04C9	$0843			MOVF	_usart_read_text_local_i, 0
$04CA	$3C14			SUBLW	20
$04CB	$1803			BTFSC	STATUS, C
$04CC	$2CD0			GOTO	USART_b75_L_43
$04CD	$	USART_b75_L_42:
;USART_b75.ppas,108 :: 		
$04CD	$3013			MOVLW	19
$04CE	$00C7			MOVWF	_usart_read_text_local_lasti
;USART_b75.ppas,109 :: 		
$04CF	$2CD1			GOTO	USART_b75_L_30
;USART_b75.ppas,110 :: 		
$04D0	$	USART_b75_L_43:
$04D0	$	USART_b75_L_44:
;USART_b75.ppas,111 :: 		
$04D0	$	USART_b75_L_34:
$04D0	$	USART_b75_L_35:
;USART_b75.ppas,112 :: 		
$04D0	$2CA0			GOTO	USART_b75_L_29
$04D1	$	USART_b75_L_30:
;USART_b75.ppas,113 :: 		
$04D1	$0847			MOVF	_usart_read_text_local_lasti, 0
$04D2	$0741			ADDWF	FARG_Usart_Read_Text, 0
$04D3	$00F0			MOVWF	STACK_0
$04D4	$0870			MOVF	STACK_0, 0
$04D5	$0084			MOVWF	FSR
$04D6	$0870			MOVF	STACK_0, 0
$04D7	$0084			MOVWF	FSR
$04D8	$0180			CLRF	INDF, 1
$04D9	$	USART_b75_L_27:
;USART_b75.ppas,114 :: 		
$04D9	$0008			RETURN
$01E1	$	_strtoint:
;conv.ppas,343 :: 		
;conv.ppas,345 :: 		
$01E1	$1303			BCF	STATUS, RP1
$01E2	$1283			BCF	STATUS, RP0
$01E3	$01C2			CLRF	_strtoint_local_result
$01E4	$01C3			CLRF	_strtoint_local_result+1
;conv.ppas,346 :: 		
$01E5	$3010			MOVLW	16
$01E6	$00C6			MOVWF	_strtoint_local_ep
$01E7	$3027			MOVLW	39
$01E8	$00C7			MOVWF	_strtoint_local_ep+1
;conv.ppas,347 :: 		
$01E9	$01C4			CLRF	_strtoint_local_i
$01EA	$01C5			CLRF	_strtoint_local_i+1
;conv.ppas,348 :: 		
$01EB	$01CA			CLRF	_strtoint_local_tmp
$01EC	$01CB			CLRF	_strtoint_local_tmp+1
$01ED	$01CC			CLRF	_strtoint_local_tmp+2
$01EE	$01CD			CLRF	_strtoint_local_tmp+3
;conv.ppas,349 :: 		
$01EF	$01C8			CLRF	_strtoint_local_negative
$01F0	$01C9			CLRF	_strtoint_local_negative+1
;conv.ppas,353 :: 		
$01F1	$	conv_L_172:
$01F1	$0844			MOVF	_strtoint_local_i, 0
$01F2	$0741			ADDWF	FARG_StrToInt, 0
$01F3	$0084			MOVWF	FSR
$01F4	$0800			MOVF	INDF, 0
$01F5	$00F4			MOVWF	STACK_4
$01F6	$0874			MOVF	STACK_4, 0
$01F7	$3A00			XORLW	0
$01F8	$1903			BTFSC	STATUS, Z
$01F9	$2A5D			GOTO	conv_L_173
;conv.ppas,355 :: 		
$01FA	$0844			MOVF	_strtoint_local_i, 0
$01FB	$0741			ADDWF	FARG_StrToInt, 0
$01FC	$0084			MOVWF	FSR
$01FD	$0800			MOVF	INDF, 0
$01FE	$00F4			MOVWF	STACK_4
$01FF	$0874			MOVF	STACK_4, 0
$0200	$3A2D			XORLW	45
$0201	$1D03			BTFSS	STATUS, Z
$0202	$2A0A			GOTO	conv_L_177
$0203	$	conv_L_176:
;conv.ppas,357 :: 		
$0203	$30FF			MOVLW	255
$0204	$00C8			MOVWF	_strtoint_local_negative
$0205	$01C9			CLRF	_strtoint_local_negative+1
;conv.ppas,358 :: 		
$0206	$0AC4			INCF	_strtoint_local_i, 1
$0207	$1903			BTFSC	STATUS, Z
$0208	$0AC5			INCF	_strtoint_local_i+1, 1
;conv.ppas,359 :: 		
$0209	$29F1			GOTO	conv_L_172
;conv.ppas,360 :: 		
$020A	$	conv_L_177:
$020A	$	conv_L_178:
;conv.ppas,361 :: 		
$020A	$0844			MOVF	_strtoint_local_i, 0
$020B	$0741			ADDWF	FARG_StrToInt, 0
$020C	$0084			MOVWF	FSR
$020D	$0800			MOVF	INDF, 0
$020E	$00F4			MOVWF	STACK_4
$020F	$0874			MOVF	STACK_4, 0
$0210	$3A20			XORLW	32
$0211	$1903			BTFSC	STATUS, Z
$0212	$2A4D			GOTO	conv_L_180
$0213	$	conv_L_179:
;conv.ppas,362 :: 		
$0213	$0844			MOVF	_strtoint_local_i, 0
$0214	$0741			ADDWF	FARG_StrToInt, 0
$0215	$0084			MOVWF	FSR
$0216	$0800			MOVF	INDF, 0
$0217	$00F0			MOVWF	STACK_0
$0218	$3030			MOVLW	48
$0219	$00F8			MOVWF	STACK_8
$021A	$01F9			CLRF	STACK_8+1
$021B	$01FA			CLRF	STACK_8+2
$021C	$01FB			CLRF	STACK_8+3
$021D	$0870			MOVF	STACK_0, 0
$021E	$00F4			MOVWF	STACK_4
$021F	$01F5			CLRF	STACK_4+1
$0220	$01F6			CLRF	STACK_4+2
$0221	$01F7			CLRF	STACK_4+3
$0222	$0874			MOVF	STACK_4, 0
$0223	$00F0			MOVWF	STACK_0
$0224	$0875			MOVF	STACK_4+1, 0
$0225	$00F1			MOVWF	STACK_0+1
$0226	$0876			MOVF	STACK_4+2, 0
$0227	$00F2			MOVWF	STACK_0+2
$0228	$0877			MOVF	STACK_4+3, 0
$0229	$00F3			MOVWF	STACK_0+3
$022A	$0878			MOVF	STACK_8, 0
$022B	$02F0			SUBWF	STACK_0, 1
$022C	$0879			MOVF	STACK_8+1, 0
$022D	$1C03			BTFSS	STATUS, C
$022E	$0F79			INCFSZ	STACK_8+1, 0
$022F	$02F1			SUBWF	STACK_0+1, 1
$0230	$087A			MOVF	STACK_8+2, 0
$0231	$1C03			BTFSS	STATUS, C
$0232	$0F7A			INCFSZ	STACK_8+2, 0
$0233	$02F2			SUBWF	STACK_0+2, 1
$0234	$087B			MOVF	STACK_8+3, 0
$0235	$1C03			BTFSS	STATUS, C
$0236	$0F7B			INCFSZ	STACK_8+3, 0
$0237	$02F3			SUBWF	STACK_0+3, 1
$0238	$0846			MOVF	_strtoint_local_ep, 0
$0239	$00F4			MOVWF	STACK_4
$023A	$0847			MOVF	_strtoint_local_ep+1, 0
$023B	$00F5			MOVWF	STACK_4+1
$023C	$01F6			CLRF	STACK_4+2
$023D	$01F7			CLRF	STACK_4+3
$023E	$2569			CALL	_mul_32x32_s
$023F	$0870			MOVF	STACK_0, 0
$0240	$07CA			ADDWF	_strtoint_local_tmp, 1
$0241	$0871			MOVF	STACK_0+1, 0
$0242	$1803			BTFSC	STATUS, C
$0243	$0F71			INCFSZ	STACK_0+1, 0
$0244	$07CB			ADDWF	_strtoint_local_tmp+1, 1
$0245	$0872			MOVF	STACK_0+2, 0
$0246	$1803			BTFSC	STATUS, C
$0247	$0F72			INCFSZ	STACK_0+2, 0
$0248	$07CC			ADDWF	_strtoint_local_tmp+2, 1
$0249	$0873			MOVF	STACK_0+3, 0
$024A	$1803			BTFSC	STATUS, C
$024B	$0F73			INCFSZ	STACK_0+3, 0
$024C	$07CD			ADDWF	_strtoint_local_tmp+3, 1
$024D	$	conv_L_180:
$024D	$	conv_L_181:
;conv.ppas,363 :: 		
$024D	$300A			MOVLW	10
$024E	$00F4			MOVWF	STACK_4
$024F	$01F5			CLRF	STACK_4+1
$0250	$0846			MOVF	_strtoint_local_ep, 0
$0251	$00F0			MOVWF	STACK_0
$0252	$0847			MOVF	_strtoint_local_ep+1, 0
$0253	$00F1			MOVWF	STACK_0+1
$0254	$2608			CALL	_div_16x16_u
$0255	$0870			MOVF	STACK_0, 0
$0256	$00C6			MOVWF	_strtoint_local_ep
$0257	$0871			MOVF	STACK_0+1, 0
$0258	$00C7			MOVWF	_strtoint_local_ep+1
;conv.ppas,365 :: 		
$0259	$0AC4			INCF	_strtoint_local_i, 1
$025A	$1903			BTFSC	STATUS, Z
$025B	$0AC5			INCF	_strtoint_local_i+1, 1
;conv.ppas,366 :: 		
$025C	$29F1			GOTO	conv_L_172
$025D	$	conv_L_173:
;conv.ppas,370 :: 		
$025D	$0848			MOVF	_strtoint_local_negative, 0
$025E	$0449			IORWF	_strtoint_local_negative+1, 0
$025F	$1903			BTFSC	STATUS, Z
$0260	$2A65			GOTO	conv_L_183
$0261	$	conv_L_182:
$0261	$3006			MOVLW	6
$0262	$00C6			MOVWF	_strtoint_local_ep
$0263	$01C7			CLRF	_strtoint_local_ep+1
$0264	$2A68			GOTO	conv_L_184
;conv.ppas,371 :: 		
$0265	$	conv_L_183:
$0265	$3005			MOVLW	5
$0266	$00C6			MOVWF	_strtoint_local_ep
$0267	$01C7			CLRF	_strtoint_local_ep+1
$0268	$	conv_L_184:
;conv.ppas,373 :: 		
$0268	$	conv_L_186:
$0268	$0845			MOVF	_strtoint_local_i+1, 0
$0269	$0647			XORWF	_strtoint_local_ep+1, 0
$026A	$1D03			BTFSS	STATUS, Z
$026B	$2A6E			GOTO	L_StrToInt_20
$026C	$0846			MOVF	_strtoint_local_ep, 0
$026D	$0644			XORWF	_strtoint_local_i, 0
$026E	$	L_StrToInt_20:
$026E	$1903			BTFSC	STATUS, Z
$026F	$2A8A			GOTO	conv_L_187
;conv.ppas,375 :: 		
$0270	$300A			MOVLW	10
$0271	$00F4			MOVWF	STACK_4
$0272	$01F5			CLRF	STACK_4+1
$0273	$01F6			CLRF	STACK_4+2
$0274	$01F7			CLRF	STACK_4+3
$0275	$084A			MOVF	_strtoint_local_tmp, 0
$0276	$00F0			MOVWF	STACK_0
$0277	$084B			MOVF	_strtoint_local_tmp+1, 0
$0278	$00F1			MOVWF	STACK_0+1
$0279	$084C			MOVF	_strtoint_local_tmp+2, 0
$027A	$00F2			MOVWF	STACK_0+2
$027B	$084D			MOVF	_strtoint_local_tmp+3, 0
$027C	$00F3			MOVWF	STACK_0+3
$027D	$22A3			CALL	_div_32x32_s
$027E	$0870			MOVF	STACK_0, 0
$027F	$00CA			MOVWF	_strtoint_local_tmp
$0280	$0871			MOVF	STACK_0+1, 0
$0281	$00CB			MOVWF	_strtoint_local_tmp+1
$0282	$0872			MOVF	STACK_0+2, 0
$0283	$00CC			MOVWF	_strtoint_local_tmp+2
$0284	$0873			MOVF	STACK_0+3, 0
$0285	$00CD			MOVWF	_strtoint_local_tmp+3
;conv.ppas,376 :: 		
$0286	$0AC4			INCF	_strtoint_local_i, 1
$0287	$1903			BTFSC	STATUS, Z
$0288	$0AC5			INCF	_strtoint_local_i+1, 1
;conv.ppas,377 :: 		
$0289	$2A68			GOTO	conv_L_186
$028A	$	conv_L_187:
;conv.ppas,380 :: 		
$028A	$084A			MOVF	_strtoint_local_tmp, 0
$028B	$00C2			MOVWF	_strtoint_local_result
$028C	$084B			MOVF	_strtoint_local_tmp+1, 0
$028D	$00C3			MOVWF	_strtoint_local_result+1
;conv.ppas,382 :: 		
$028E	$3000			MOVLW	0
$028F	$0649			XORWF	_strtoint_local_negative+1, 0
$0290	$1D03			BTFSS	STATUS, Z
$0291	$2A94			GOTO	L_StrToInt_21
$0292	$30FF			MOVLW	255
$0293	$0648			XORWF	_strtoint_local_negative, 0
$0294	$	L_StrToInt_21:
$0294	$1D03			BTFSS	STATUS, Z
$0295	$2A9E			GOTO	conv_L_191
$0296	$	conv_L_190:
;conv.ppas,383 :: 		
$0296	$0842			MOVF	_strtoint_local_result, 0
$0297	$3C00			SUBLW	0
$0298	$00C2			MOVWF	_strtoint_local_result
$0299	$0843			MOVF	_strtoint_local_result+1, 0
$029A	$1C03			BTFSS	STATUS, C
$029B	$3F01			ADDLW	1
$029C	$01C3			CLRF	_strtoint_local_result+1
$029D	$02C3			SUBWF	_strtoint_local_result+1, 1
$029E	$	conv_L_191:
$029E	$	conv_L_192:
$029E	$	conv_L_170:
;conv.ppas,384 :: 		
$029E	$0842			MOVF	_strtoint_local_result, 0
$029F	$00F0			MOVWF	STACK_0
$02A0	$0843			MOVF	_strtoint_local_result+1, 0
$02A1	$00F1			MOVWF	STACK_0+1
$02A2	$0008			RETURN
$0523	$	_strcmp:
;StringsLib.ppas,172 :: 		
;StringsLib.ppas,173 :: 		
$0523	$1303			BCF	STATUS, RP1
$0524	$1283			BCF	STATUS, RP0
$0525	$01C5			CLRF	_strcmp_local_i, 1
;StringsLib.ppas,174 :: 		
$0526	$0841			MOVF	FARG_strcmp, 0
$0527	$0084			MOVWF	FSR
$0528	$0800			MOVF	INDF, 0
$0529	$00C3			MOVWF	_strcmp_local_result
$052A	$01C4			CLRF	_strcmp_local_result+1
;StringsLib.ppas,175 :: 		
$052B	$0842			MOVF	FARG_strcmp+1, 0
$052C	$0084			MOVWF	FSR
$052D	$0800			MOVF	INDF, 0
$052E	$00F0			MOVWF	STACK_0
;StringsLib.ppas,176 :: 		
$052F	$3000			MOVLW	0
$0530	$00C4			MOVWF	_strcmp_local_result+1
$0531	$0870			MOVF	STACK_0, 0
$0532	$02C3			SUBWF	_strcmp_local_result, 1
$0533	$1C03			BTFSS	STATUS, C
$0534	$03C4			DECF	_strcmp_local_result+1, 1
;StringsLib.ppas,177 :: 		
$0535	$	StringsLib_L_77:
$0535	$3000			MOVLW	0
$0536	$0644			XORWF	_strcmp_local_result+1, 0
$0537	$1D03			BTFSS	STATUS, Z
$0538	$2D3B			GOTO	L_strcmp_8
$0539	$3000			MOVLW	0
$053A	$0643			XORWF	_strcmp_local_result, 0
$053B	$	L_strcmp_8:
$053B	$30FF			MOVLW	255
$053C	$1D03			BTFSS	STATUS, Z
$053D	$3000			MOVLW	0
$053E	$00F3			MOVWF	STACK_3
$053F	$0845			MOVF	_strcmp_local_i, 0
$0540	$0741			ADDWF	FARG_strcmp, 0
$0541	$0084			MOVWF	FSR
$0542	$0800			MOVF	INDF, 0
$0543	$00F2			MOVWF	STACK_2
$0544	$0872			MOVF	STACK_2, 0
$0545	$3A00			XORLW	0
$0546	$30FF			MOVLW	255
$0547	$1903			BTFSC	STATUS, Z
$0548	$3000			MOVLW	0
$0549	$00F0			MOVWF	STACK_0
$054A	$0873			MOVF	STACK_3, 0
$054B	$05F0			ANDWF	STACK_0, 1
$054C	$1903			BTFSC	STATUS, Z
$054D	$2D64			GOTO	StringsLib_L_78
;StringsLib.ppas,179 :: 		
$054E	$0A45			INCF	_strcmp_local_i, 0
$054F	$00F0			MOVWF	STACK_0
$0550	$0870			MOVF	STACK_0, 0
$0551	$00C5			MOVWF	_strcmp_local_i
;StringsLib.ppas,180 :: 		
$0552	$0870			MOVF	STACK_0, 0
$0553	$0741			ADDWF	FARG_strcmp, 0
$0554	$0084			MOVWF	FSR
$0555	$0800			MOVF	INDF, 0
$0556	$00C3			MOVWF	_strcmp_local_result
$0557	$01C4			CLRF	_strcmp_local_result+1
;StringsLib.ppas,181 :: 		
$0558	$0870			MOVF	STACK_0, 0
$0559	$0742			ADDWF	FARG_strcmp+1, 0
$055A	$0084			MOVWF	FSR
$055B	$0800			MOVF	INDF, 0
$055C	$00F0			MOVWF	STACK_0
;StringsLib.ppas,182 :: 		
$055D	$3000			MOVLW	0
$055E	$00C4			MOVWF	_strcmp_local_result+1
$055F	$0870			MOVF	STACK_0, 0
$0560	$02C3			SUBWF	_strcmp_local_result, 1
$0561	$1C03			BTFSS	STATUS, C
$0562	$03C4			DECF	_strcmp_local_result+1, 1
;StringsLib.ppas,183 :: 		
$0563	$2D35			GOTO	StringsLib_L_77
$0564	$	StringsLib_L_78:
$0564	$	StringsLib_L_75:
;StringsLib.ppas,184 :: 		
$0564	$0843			MOVF	_strcmp_local_result, 0
$0565	$00F0			MOVWF	STACK_0
$0566	$0844			MOVF	_strcmp_local_result+1, 0
$0567	$00F1			MOVWF	STACK_0+1
$0568	$0008			RETURN
$03C5	$	_ciclo:
;ControleSerial.pbas,16 :: 		dim x as integer
;ControleSerial.pbas,19 :: 		if passo=true then
$03C5	$1303			BCF	STATUS, RP1
$03C6	$1283			BCF	STATUS, RP0
$03C7	$0821			MOVF	_passo, 0
$03C8	$3AFF			XORLW	255
$03C9	$1D03			BTFSS	STATUS, Z
$03CA	$2BDE			GOTO	ControleSerial_L_2
$03CB	$	ControleSerial_L_1:
;ControleSerial.pbas,20 :: 		PORTC.3=1
$03CB	$	ControleSerial_L_4:
$03CB	$1587			BSF	PORTC, 3
$03CC	$	ControleSerial_L_5:
;ControleSerial.pbas,21 :: 		delay_ms(15)
$03CC	$3014			MOVLW	20
$03CD	$00FB			MOVWF	STACK_11
$03CE	$30FF			MOVLW	255
$03CF	$00FA			MOVWF	STACK_10
$03D0	$0BFB			DECFSZ	STACK_11, F
$03D1	$2BD3			GOTO	$+2
$03D2	$2BD6			GOTO	$+4
$03D3	$0BFA			DECFSZ	STACK_10, F
$03D4	$2BD3			GOTO	$-1
$03D5	$2BD0			GOTO	$-5
$03D6	$306C			MOVLW	108
$03D7	$00FA			MOVWF	STACK_10
$03D8	$0BFA			DECFSZ	STACK_10, F
$03D9	$2BD8			GOTO	$-1
$03DA	$0000			NOP
$03DB	$0000			NOP
;ControleSerial.pbas,22 :: 		PORTC.3=0
$03DC	$1187			BCF	PORTC, 3
$03DD	$	ControleSerial_L_7:
;ControleSerial.pbas,23 :: 		passo=false
$03DD	$01A1			CLRF	_passo, 1
$03DE	$	ControleSerial_L_2:
;ControleSerial.pbas,24 :: 		end if
$03DE	$	ControleSerial_L_3:
;ControleSerial.pbas,26 :: 		for x=1 to cl step 1
$03DE	$3001			MOVLW	1
$03DF	$00C5			MOVWF	_ciclo_local_x
$03E0	$01C6			CLRF	_ciclo_local_x+1
$03E1	$	ControleSerial_L_8:
$03E1	$3080			MOVLW	128
$03E2	$0642			XORWF	FARG_ciclo+1, 0
$03E3	$00F0			MOVWF	STACK_0
$03E4	$3080			MOVLW	128
$03E5	$0646			XORWF	_ciclo_local_x+1, 0
$03E6	$0270			SUBWF	STACK_0, 0
$03E7	$1D03			BTFSS	STATUS, Z
$03E8	$2BEB			GOTO	L_ciclo_0
$03E9	$0845			MOVF	_ciclo_local_x, 0
$03EA	$0241			SUBWF	FARG_ciclo, 0
$03EB	$	L_ciclo_0:
$03EB	$1C03			BTFSS	STATUS, C
$03EC	$2C1F			GOTO	ControleSerial_L_11
;ControleSerial.pbas,27 :: 		if sentAntHor=true then
$03ED	$0822			MOVF	_sentanthor, 0
$03EE	$3AFF			XORLW	255
$03EF	$1D03			BTFSS	STATUS, Z
$03F0	$2BF2			GOTO	ControleSerial_L_13
$03F1	$	ControleSerial_L_12:
;ControleSerial.pbas,28 :: 		PORTC.2=1
$03F1	$	ControleSerial_L_15:
$03F1	$1507			BSF	PORTC, 2
$03F2	$	ControleSerial_L_16:
$03F2	$	ControleSerial_L_13:
;ControleSerial.pbas,29 :: 		end if
$03F2	$	ControleSerial_L_14:
;ControleSerial.pbas,30 :: 		setbit(PORTC, valPorta)
$03F2	$3001			MOVLW	1
$03F3	$00F0			MOVWF	STACK_0
$03F4	$0843			MOVF	FARG_ciclo+2, 0
$03F5	$	L_ciclo_1:
$03F5	$1903			BTFSC	STATUS, Z
$03F6	$2BFB			GOTO	L_ciclo_2
$03F7	$0DF0			RLF	STACK_0, 1
$03F8	$1070			BCF	STACK_0, 0
$03F9	$3FFF			ADDLW	255
$03FA	$2BF5			GOTO	L_ciclo_1
$03FB	$	L_ciclo_2:
$03FB	$0870			MOVF	STACK_0, 0
$03FC	$0487			IORWF	PORTC, 1
;ControleSerial.pbas,31 :: 		vdelay_ms(tmpOn)
$03FD	$0823			MOVF	_tmpon, 0
$03FE	$00CE			MOVWF	FARG_VDelay_ms
$03FF	$0824			MOVF	_tmpon+1, 0
$0400	$00CF			MOVWF	FARG_VDelay_ms+1
$0401	$233D			CALL	_vdelay_ms
;ControleSerial.pbas,32 :: 		clearbit(PORTC, valPorta)
$0402	$3001			MOVLW	1
$0403	$00F0			MOVWF	STACK_0
$0404	$0843			MOVF	FARG_ciclo+2, 0
$0405	$	L_ciclo_3:
$0405	$1903			BTFSC	STATUS, Z
$0406	$2C0B			GOTO	L_ciclo_4
$0407	$0DF0			RLF	STACK_0, 1
$0408	$1070			BCF	STACK_0, 0
$0409	$3FFF			ADDLW	255
$040A	$2C05			GOTO	L_ciclo_3
$040B	$	L_ciclo_4:
$040B	$09F0			COMF	STACK_0, F
$040C	$0870			MOVF	STACK_0, 0
$040D	$0587			ANDWF	PORTC, 1
;ControleSerial.pbas,33 :: 		vdelay_ms(tmpOff)
$040E	$0825			MOVF	_tmpoff, 0
$040F	$00CE			MOVWF	FARG_VDelay_ms
$0410	$0826			MOVF	_tmpoff+1, 0
$0411	$00CF			MOVWF	FARG_VDelay_ms+1
$0412	$233D			CALL	_vdelay_ms
;ControleSerial.pbas,34 :: 		next x
$0413	$0846			MOVF	_ciclo_local_x+1, 0
$0414	$0642			XORWF	FARG_ciclo+1, 0
$0415	$1D03			BTFSS	STATUS, Z
$0416	$2C19			GOTO	L_ciclo_5
$0417	$0841			MOVF	FARG_ciclo, 0
$0418	$0645			XORWF	_ciclo_local_x, 0
$0419	$	L_ciclo_5:
$0419	$1903			BTFSC	STATUS, Z
$041A	$2C1F			GOTO	ControleSerial_L_11
$041B	$	ControleSerial_L_9:
$041B	$0AC5			INCF	_ciclo_local_x, 1
$041C	$1903			BTFSC	STATUS, Z
$041D	$0AC6			INCF	_ciclo_local_x+1, 1
$041E	$2BE1			GOTO	ControleSerial_L_8
$041F	$	ControleSerial_L_11:
;ControleSerial.pbas,36 :: 		sentAntHor = false
$041F	$01A2			CLRF	_sentanthor, 1
;ControleSerial.pbas,37 :: 		PORTC.2 = 0
$0420	$1107			BCF	PORTC, 2
$0421	$	ControleSerial_L_18:
;ControleSerial.pbas,38 :: 		delay_ms(10)
$0421	$300D			MOVLW	13
$0422	$00FB			MOVWF	STACK_11
$0423	$30FF			MOVLW	255
$0424	$00FA			MOVWF	STACK_10
$0425	$0BFB			DECFSZ	STACK_11, F
$0426	$2C28			GOTO	$+2
$0427	$2C2B			GOTO	$+4
$0428	$0BFA			DECFSZ	STACK_10, F
$0429	$2C28			GOTO	$-1
$042A	$2C25			GOTO	$-5
$042B	$30F3			MOVLW	243
$042C	$00FA			MOVWF	STACK_10
$042D	$0BFA			DECFSZ	STACK_10, F
$042E	$2C2D			GOTO	$-1
$042F	$0000			NOP
;ControleSerial.pbas,40 :: 		Usart_Write_Text("end/")
$0430	$3065			MOVLW	101
$0431	$00C7			MOVWF	?ciclo_Local_Text+0
$0432	$306E			MOVLW	110
$0433	$00C8			MOVWF	?ciclo_Local_Text+1
$0434	$3064			MOVLW	100
$0435	$00C9			MOVWF	?ciclo_Local_Text+2
$0436	$302F			MOVLW	47
$0437	$00CA			MOVWF	?ciclo_Local_Text+3
$0438	$01CB			CLRF	?ciclo_Local_Text+4
$0439	$3047			MOVLW	?ciclo_Local_Text
$043A	$00CE			MOVWF	FARG_Usart_Write_Text
$043B	$2625			CALL	_usart_write_text
$043C	$	ControleSerial_L_0:
$043C	$0008			RETURN
$063B	$	_usart_init:
;USART_b75.ppas,22 :: 		
;USART_b75.ppas,24 :: 		
$063B	$	USART_b75_L_1:
$063B	$1303			BCF	STATUS, RP1
$063C	$1683			BSF	STATUS, RP0
$063D	$1698			BSF	TXSTA, 5
$063E	$	USART_b75_L_2:
;USART_b75.ppas,25 :: 		
$063E	$3090			MOVLW	144
$063F	$1283			BCF	STATUS, RP0
$0640	$0098			MOVWF	RCSTA
;USART_b75.ppas,31 :: 		
$0641	$	USART_b75_L_3:
$0641	$1683			BSF	STATUS, RP0
$0642	$1686			BSF	TRISB, 5
$0643	$	USART_b75_L_4:
;USART_b75.ppas,32 :: 		
$0643	$	USART_b75_L_5:
$0643	$1786			BSF	TRISB, 7
$0644	$	USART_b75_L_6:
;USART_b75.ppas,35 :: 		
$0644	$	USART_b75_L_8:
$0644	$1283			BCF	STATUS, RP0
$0645	$080C			MOVF	PIR1, 0
$0646	$00F1			MOVWF	STACK_1
$0647	$3000			MOVLW	0
$0648	$1AF1			BTFSC	STACK_1, 5
$0649	$3001			MOVLW	1
$064A	$00F1			MOVWF	STACK_1
$064B	$0871			MOVF	STACK_1, 0
$064C	$3A01			XORLW	1
$064D	$1903			BTFSC	STATUS, Z
$064E	$2E44			GOTO	USART_b75_L_8
;USART_b75.ppas,36 :: 		
$064F	$	USART_b75_L_9:
$064F	$	USART_b75_L_0:
;USART_b75.ppas,37 :: 		
$064F	$0008			RETURN
$043D	$	_div_16x16_s:
$043D	$1303			BCF	STATUS, RP1
$043E	$1283			BCF	STATUS, RP0
;math.ppas,346 :: 		
;math.ppas,348 :: 		
$043F	$01FD			CLRF	STACK_13
;math.ppas,349 :: 		
$0440	$01F9			CLRF	STACK_9
;math.ppas,350 :: 		
$0441	$01F8			CLRF	STACK_8
;math.ppas,351 :: 		
$0442	$0871			MOVF	STACK_1, W
;math.ppas,352 :: 		
$0443	$0470			IORWF	STACK_0, W
;math.ppas,353 :: 		
$0444	$1903			BTFSC	STATUS, Z
;math.ppas,355 :: 		
$0445	$3400			RETLW	0
;math.ppas,356 :: 		
$0446	$0871			MOVF	STACK_1, W
;math.ppas,357 :: 		
$0447	$0675			XORWF	STACK_5, W
;math.ppas,358 :: 		
$0448	$00FA			MOVWF	STACK_10
;math.ppas,359 :: 		
$0449	$1BFA			BTFSC	STACK_10, 7
;math.ppas,361 :: 		
$044A	$09FD			COMF	STACK_13, F
;math.ppas,363 :: 		
$044B	$01FB			CLRF	STACK_11
;math.ppas,364 :: 		
$044C	$1FF5			BTFSS	STACK_5, 7
;math.ppas,366 :: 		
$044D	$2C53			GOTO	$+6
;math.ppas,367 :: 		
$044E	$09F4			COMF	STACK_4, F
;math.ppas,368 :: 		
$044F	$09F5			COMF	STACK_5, F
;math.ppas,369 :: 		
$0450	$0AF4			INCF	STACK_4, F
;math.ppas,370 :: 		
$0451	$1903			BTFSC	STATUS, Z
;math.ppas,372 :: 		
$0452	$0AF5			INCF	STACK_5, F
;math.ppas,373 :: 		
$0453	$1FF1			BTFSS	STACK_1, 7
;math.ppas,375 :: 		
$0454	$2C5A			GOTO	$+6
;math.ppas,376 :: 		
$0455	$09F0			COMF	STACK_0, F
;math.ppas,377 :: 		
$0456	$09F1			COMF	STACK_1, F
;math.ppas,378 :: 		
$0457	$0AF0			INCF	STACK_0, F
;math.ppas,379 :: 		
$0458	$1903			BTFSC	STATUS, Z
;math.ppas,381 :: 		
$0459	$0AF1			INCF	STACK_1, F
;math.ppas,382 :: 		
$045A	$0871			MOVF	STACK_1, W
;math.ppas,383 :: 		
$045B	$0475			IORWF	STACK_5, W
;math.ppas,384 :: 		
$045C	$00FA			MOVWF	STACK_10
;math.ppas,385 :: 		
$045D	$1BFA			BTFSC	STACK_10, 7
;math.ppas,386 :: 		
$045E	$2C6F			GOTO	$+17
;math.ppas,388 :: 		
$045F	$25DB			CALL	_div_16x16_s_l
;math.ppas,390 :: 		
$0460	$187B			BTFSC	STACK_11, 0
;math.ppas,392 :: 		
$0461	$2C82			GOTO	$+33
;math.ppas,393 :: 		
$0462	$1FFD			BTFSS	STACK_13, 7
;math.ppas,395 :: 		
$0463	$3400			RETLW	0
;math.ppas,396 :: 		
$0464	$09F0			COMF	STACK_0, F
;math.ppas,397 :: 		
$0465	$09F1			COMF	STACK_1, F
;math.ppas,398 :: 		
$0466	$0AF0			INCF	STACK_0, F
;math.ppas,399 :: 		
$0467	$1903			BTFSC	STATUS, Z
;math.ppas,401 :: 		
$0468	$0AF1			INCF	STACK_1, F
;math.ppas,402 :: 		
$0469	$09F8			COMF	STACK_8, F
;math.ppas,403 :: 		
$046A	$09F9			COMF	STACK_9, F
;math.ppas,404 :: 		
$046B	$0AF8			INCF	STACK_8, F
;math.ppas,405 :: 		
$046C	$1903			BTFSC	STATUS, Z
;math.ppas,407 :: 		
$046D	$0AF9			INCF	STACK_9, F
;math.ppas,409 :: 		
$046E	$3400			RETLW	0
;math.ppas,410 :: 		
$046F	$1FF5			BTFSS	STACK_5, 7
;math.ppas,411 :: 		
$0470	$2C7E			GOTO	$+14
;math.ppas,412 :: 		
$0471	$1BF1			BTFSC	STACK_1, 7
;math.ppas,413 :: 		
$0472	$2C7A			GOTO	$+8
;math.ppas,414 :: 		
$0473	$0871			MOVF	STACK_1, W
;math.ppas,415 :: 		
$0474	$00F9			MOVWF	STACK_9
;math.ppas,416 :: 		
$0475	$0870			MOVF	STACK_0, W
;math.ppas,417 :: 		
$0476	$00F8			MOVWF	STACK_8
;math.ppas,418 :: 		
$0477	$01F1			CLRF	STACK_1
;math.ppas,419 :: 		
$0478	$01F0			CLRF	STACK_0
;math.ppas,420 :: 		
$0479	$2C62			GOTO	$-23
;math.ppas,421 :: 		
$047A	$01F1			CLRF	STACK_1
;math.ppas,422 :: 		
$047B	$01F0			CLRF	STACK_0
;math.ppas,423 :: 		
$047C	$0AF0			INCF	STACK_0, F
;math.ppas,425 :: 		
$047D	$3400			RETLW	0
;math.ppas,426 :: 		
$047E	$09F1			COMF	STACK_1, F
;math.ppas,427 :: 		
$047F	$09F0			COMF	STACK_0, F
;math.ppas,428 :: 		
$0480	$0AFB			INCF	STACK_11, F
;math.ppas,430 :: 		
$0481	$2C5F			GOTO	$-34
;math.ppas,431 :: 		
$0482	$0AF8			INCF	STACK_8, F
;math.ppas,432 :: 		
$0483	$1903			BTFSC	STATUS, Z
;math.ppas,433 :: 		
$0484	$0AF9			INCF	STACK_9, F
;math.ppas,434 :: 		
$0485	$0874			MOVF	STACK_4, W
;math.ppas,435 :: 		
$0486	$0278			SUBWF	STACK_8, W
;math.ppas,436 :: 		
$0487	$1D03			BTFSS	STATUS, Z
;math.ppas,437 :: 		
$0488	$2C62			GOTO	$-38
;math.ppas,438 :: 		
$0489	$0875			MOVF	STACK_5, W
;math.ppas,439 :: 		
$048A	$0279			SUBWF	STACK_9, W
;math.ppas,440 :: 		
$048B	$1D03			BTFSS	STATUS, Z
;math.ppas,441 :: 		
$048C	$2C62			GOTO	$-42
;math.ppas,442 :: 		
$048D	$01F9			CLRF	STACK_9
;math.ppas,443 :: 		
$048E	$01F8			CLRF	STACK_8
;math.ppas,444 :: 		
$048F	$0AF0			INCF	STACK_0, F
;math.ppas,445 :: 		
$0490	$1903			BTFSC	STATUS, Z
;math.ppas,446 :: 		
$0491	$0AF1			INCF	STACK_1, F
;math.ppas,447 :: 		
$0492	$1FF1			BTFSS	STACK_1, 7
;math.ppas,448 :: 		
$0493	$2C62			GOTO	$-49
;math.ppas,449 :: 		
$0494	$0000			NOP
;math.ppas,450 :: 		
$0495	$34FF			RETLW	255
;math.ppas,451 :: 		
$0496	$	math_L_7:
;math.ppas,452 :: 		
$0496	$0008			RETURN
$04DA	$	_mul_16x16_s:
$04DA	$1303			BCF	STATUS, RP1
$04DB	$1283			BCF	STATUS, RP0
;math.ppas,203 :: 		
;math.ppas,205 :: 		
$04DC	$01FB			CLRF	STACK_11
;math.ppas,206 :: 		
$04DD	$01FA			CLRF	STACK_10
;math.ppas,207 :: 		
$04DE	$01F9			CLRF	STACK_9
;math.ppas,208 :: 		
$04DF	$3080			MOVLW	128
;math.ppas,210 :: 		
$04E0	$00F8			MOVWF	STACK_8
;math.ppas,212 :: 		
$04E1	$01FD			CLRF	STACK_13
;math.ppas,213 :: 		
$04E2	$1FF1			BTFSS	STACK_1, 7
;math.ppas,214 :: 		
$04E3	$2CEA			GOTO	$+7
;math.ppas,215 :: 		
$04E4	$09F1			COMF	STACK_1, F
;math.ppas,216 :: 		
$04E5	$09F0			COMF	STACK_0, F
;math.ppas,217 :: 		
$04E6	$0AF0			INCF	STACK_0, F
;math.ppas,218 :: 		
$04E7	$1903			BTFSC	STATUS, Z
;math.ppas,219 :: 		
$04E8	$0AF1			INCF	STACK_1, F
;math.ppas,221 :: 		
$04E9	$0AFD			INCF	STACK_13, F
;math.ppas,222 :: 		
$04EA	$1FF5			BTFSS	STACK_5, 7
;math.ppas,223 :: 		
$04EB	$2CF2			GOTO	$+7
;math.ppas,224 :: 		
$04EC	$09F5			COMF	STACK_5, F
;math.ppas,225 :: 		
$04ED	$09F4			COMF	STACK_4, F
;math.ppas,226 :: 		
$04EE	$0AF4			INCF	STACK_4, F
;math.ppas,227 :: 		
$04EF	$1903			BTFSC	STATUS, Z
;math.ppas,228 :: 		
$04F0	$0AF5			INCF	STACK_5, F
;math.ppas,230 :: 		
$04F1	$0AFD			INCF	STACK_13, F
;math.ppas,231 :: 		
$04F2	$0CF1			RRF	STACK_1, F
;math.ppas,233 :: 		
$04F3	$0CF0			RRF	STACK_0, F
;math.ppas,234 :: 		
$04F4	$1C03			BTFSS	STATUS, C
;math.ppas,235 :: 		
$04F5	$2CFF			GOTO	$+10
;math.ppas,236 :: 		
$04F6	$0874			MOVF	STACK_4, W
;math.ppas,238 :: 		
$04F7	$07F9			ADDWF	STACK_9, F
;math.ppas,239 :: 		
$04F8	$0875			MOVF	STACK_5, W
;math.ppas,240 :: 		
$04F9	$1803			BTFSC	STATUS, C
;math.ppas,241 :: 		
$04FA	$0F75			INCFSZ	STACK_5, W
;math.ppas,242 :: 		
$04FB	$07FA			ADDWF	STACK_10, F
;math.ppas,243 :: 		
$04FC	$1803			BTFSC	STATUS, C
;math.ppas,244 :: 		
$04FD	$0AFB			INCF	STACK_11, F
;math.ppas,246 :: 		
$04FE	$1003			BCF	STATUS, C
;math.ppas,247 :: 		
$04FF	$1FF0			BTFSS	STACK_0, 7
;math.ppas,248 :: 		
$0500	$2D07			GOTO	$+7
;math.ppas,249 :: 		
$0501	$0874			MOVF	STACK_4, W
;math.ppas,250 :: 		
$0502	$07FA			ADDWF	STACK_10, F
;math.ppas,251 :: 		
$0503	$1803			BTFSC	STATUS, C
;math.ppas,252 :: 		
$0504	$0AFB			INCF	STACK_11, F
;math.ppas,253 :: 		
$0505	$0875			MOVF	STACK_5, W
;math.ppas,255 :: 		
$0506	$07FB			ADDWF	STACK_11, F
;math.ppas,256 :: 		
$0507	$0CFB			RRF	STACK_11, F
;math.ppas,257 :: 		
$0508	$0CFA			RRF	STACK_10, F
;math.ppas,258 :: 		
$0509	$0CF9			RRF	STACK_9, F
;math.ppas,260 :: 		
$050A	$0CF8			RRF	STACK_8, F
;math.ppas,261 :: 		
$050B	$1C03			BTFSS	STATUS, C
;math.ppas,262 :: 		
$050C	$2CF2			GOTO	$-26
;math.ppas,263 :: 		
$050D	$1C7D			BTFSS	STACK_13, 0
;math.ppas,265 :: 		
$050E	$2D1A			GOTO	$+12
;math.ppas,266 :: 		
$050F	$09FB			COMF	STACK_11, F
;math.ppas,267 :: 		
$0510	$09FA			COMF	STACK_10, F
;math.ppas,268 :: 		
$0511	$09F9			COMF	STACK_9, F
;math.ppas,270 :: 		
$0512	$09F8			COMF	STACK_8, F
;math.ppas,271 :: 		
$0513	$0AF8			INCF	STACK_8, F
;math.ppas,272 :: 		
$0514	$1903			BTFSC	STATUS, Z
;math.ppas,273 :: 		
$0515	$0AF9			INCF	STACK_9, F
;math.ppas,274 :: 		
$0516	$1903			BTFSC	STATUS, Z
;math.ppas,275 :: 		
$0517	$0AFA			INCF	STACK_10, F
;math.ppas,276 :: 		
$0518	$1903			BTFSC	STATUS, Z
;math.ppas,278 :: 		
$0519	$0AFB			INCF	STACK_11, F
;math.ppas,279 :: 		
$051A	$087B			MOVF	STACK_11, W
;math.ppas,280 :: 		
$051B	$00F3			MOVWF	STACK_3
;math.ppas,281 :: 		
$051C	$087A			MOVF	STACK_10, W
;math.ppas,282 :: 		
$051D	$00F2			MOVWF	STACK_2
;math.ppas,283 :: 		
$051E	$0879			MOVF	STACK_9, W
;math.ppas,284 :: 		
$051F	$00F1			MOVWF	STACK_1
;math.ppas,285 :: 		
$0520	$0878			MOVF	STACK_8, W
;math.ppas,286 :: 		
$0521	$00F0			MOVWF	STACK_0
;math.ppas,287 :: 		
$0522	$	math_L_5:
;math.ppas,288 :: 		
$0522	$0008			RETURN
$0132	$	_main:
;ControleSerial.pbas,44 :: 		main:
$0132	$	_main_main:
;ControleSerial.pbas,45 :: 		TRISA=%11111111
$0132	$30FF			MOVLW	255
$0133	$1303			BCF	STATUS, RP1
$0134	$1683			BSF	STATUS, RP0
$0135	$0085			MOVWF	TRISA
;ControleSerial.pbas,46 :: 		TRISB=%01111111
$0136	$307F			MOVLW	127
$0137	$0086			MOVWF	TRISB
;ControleSerial.pbas,47 :: 		TRISC=%00000000
$0138	$0187			CLRF	TRISC, 1
;ControleSerial.pbas,48 :: 		INTCON=%00000000
$0139	$018B			CLRF	INTCON, 1
;ControleSerial.pbas,49 :: 		ANSEL=%00000000
$013A	$1703			BSF	STATUS, RP1
$013B	$1283			BCF	STATUS, RP0
$013C	$019E			CLRF	ANSEL, 1
;ControleSerial.pbas,50 :: 		ANSELH=%00000000
$013D	$019F			CLRF	ANSELH, 1
;ControleSerial.pbas,52 :: 		PORTC=0
$013E	$1303			BCF	STATUS, RP1
$013F	$0187			CLRF	PORTC, 1
;ControleSerial.pbas,54 :: 		tmpOn=25
$0140	$3019			MOVLW	25
$0141	$00A3			MOVWF	_tmpon
$0142	$01A4			CLRF	_tmpon+1
;ControleSerial.pbas,55 :: 		tmpOff=25
$0143	$3019			MOVLW	25
$0144	$00A5			MOVWF	_tmpoff
$0145	$01A6			CLRF	_tmpoff+1
;ControleSerial.pbas,57 :: 		sentAntHor=false 'Inicia em sentido horrio
$0146	$01A2			CLRF	_sentanthor, 1
;ControleSerial.pbas,58 :: 		passo=false      'Inicia em passos de 3.75
$0147	$01A1			CLRF	_passo, 1
;ControleSerial.pbas,60 :: 		Usart_Init(9600)
$0148	$3019			MOVLW	25
$0149	$1683			BSF	STATUS, RP0
$014A	$0099			MOVWF	SPBRG
$014B	$1518			BSF	TXSTA, BRGH
$014C	$263B			CALL	_usart_init
;ControleSerial.pbas,62 :: 		executa:
$014D	$	_main_executa:
;ControleSerial.pbas,63 :: 		if Usart_Data_Ready() > 0 then
$014D	$2683			CALL	_usart_data_ready
$014E	$0870			MOVF	STACK_0, 0
$014F	$3C00			SUBLW	0
$0150	$1803			BTFSC	STATUS, C
$0151	$29DF			GOTO	ControleSerial_L_21
$0152	$	ControleSerial_L_20:
;ControleSerial.pbas,64 :: 		Usart_Read_Text(recMotor,"\")
$0152	$3027			MOVLW	_recmotor
$0153	$00C1			MOVWF	FARG_Usart_Read_Text
$0154	$305C			MOVLW	92
$0155	$00BB			MOVWF	?main_Local_Text+0
$0156	$01BC			CLRF	?main_Local_Text+1
$0157	$303B			MOVLW	?main_Local_Text
$0158	$00C2			MOVWF	FARG_Usart_Read_Text+1
$0159	$2497			CALL	_usart_read_text
;ControleSerial.pbas,65 :: 		Usart_Read_Text(recDirec,"/")
$015A	$302E			MOVLW	_recdirec
$015B	$00C1			MOVWF	FARG_Usart_Read_Text
$015C	$302F			MOVLW	47
$015D	$00BB			MOVWF	?main_Local_Text+0
$015E	$01BC			CLRF	?main_Local_Text+1
$015F	$303B			MOVLW	?main_Local_Text
$0160	$00C2			MOVWF	FARG_Usart_Read_Text+1
$0161	$2497			CALL	_usart_read_text
;ControleSerial.pbas,66 :: 		valor = StrToInt(recMotor)
$0162	$3027			MOVLW	_recmotor
$0163	$00C1			MOVWF	FARG_StrToInt
$0164	$21E1			CALL	_strtoint
$0165	$0870			MOVF	STACK_0, 0
$0166	$00B5			MOVWF	_valor
$0167	$0871			MOVF	STACK_0+1, 0
$0168	$00B6			MOVWF	_valor+1
;ControleSerial.pbas,68 :: 		if strcmp(recDirec, "inv") = 0 then  'Determina a mudana de direo.
$0169	$302E			MOVLW	_recdirec
$016A	$00C1			MOVWF	FARG_strcmp
$016B	$3069			MOVLW	105
$016C	$00BB			MOVWF	?main_Local_Text+0
$016D	$306E			MOVLW	110
$016E	$00BC			MOVWF	?main_Local_Text+1
$016F	$3076			MOVLW	118
$0170	$00BD			MOVWF	?main_Local_Text+2
$0171	$01BE			CLRF	?main_Local_Text+3
$0172	$303B			MOVLW	?main_Local_Text
$0173	$00C2			MOVWF	FARG_strcmp+1
$0174	$2523			CALL	_strcmp
$0175	$3000			MOVLW	0
$0176	$0671			XORWF	STACK_0+1, 0
$0177	$1D03			BTFSS	STATUS, Z
$0178	$297B			GOTO	L_main_6
$0179	$3000			MOVLW	0
$017A	$0670			XORWF	STACK_0, 0
$017B	$	L_main_6:
$017B	$1D03			BTFSS	STATUS, Z
$017C	$297F			GOTO	ControleSerial_L_24
$017D	$	ControleSerial_L_23:
;ControleSerial.pbas,69 :: 		sentAntHor=true
$017D	$30FF			MOVLW	255
$017E	$00A2			MOVWF	_sentanthor
$017F	$	ControleSerial_L_24:
;ControleSerial.pbas,70 :: 		end if
$017F	$	ControleSerial_L_25:
;ControleSerial.pbas,72 :: 		if strcmp(recDirec, "nor") = 0 then
$017F	$302E			MOVLW	_recdirec
$0180	$00C1			MOVWF	FARG_strcmp
$0181	$306E			MOVLW	110
$0182	$00BB			MOVWF	?main_Local_Text+0
$0183	$306F			MOVLW	111
$0184	$00BC			MOVWF	?main_Local_Text+1
$0185	$3072			MOVLW	114
$0186	$00BD			MOVWF	?main_Local_Text+2
$0187	$01BE			CLRF	?main_Local_Text+3
$0188	$303B			MOVLW	?main_Local_Text
$0189	$00C2			MOVWF	FARG_strcmp+1
$018A	$2523			CALL	_strcmp
$018B	$3000			MOVLW	0
$018C	$0671			XORWF	STACK_0+1, 0
$018D	$1D03			BTFSS	STATUS, Z
$018E	$2991			GOTO	L_main_7
$018F	$3000			MOVLW	0
$0190	$0670			XORWF	STACK_0, 0
$0191	$	L_main_7:
$0191	$1D03			BTFSS	STATUS, Z
$0192	$2994			GOTO	ControleSerial_L_27
$0193	$	ControleSerial_L_26:
;ControleSerial.pbas,73 :: 		sentAntHor=false
$0193	$01A2			CLRF	_sentanthor, 1
$0194	$	ControleSerial_L_27:
;ControleSerial.pbas,74 :: 		end if
$0194	$	ControleSerial_L_28:
;ControleSerial.pbas,76 :: 		motor = valor div 1000
$0194	$30E8			MOVLW	232
$0195	$00F4			MOVWF	STACK_4
$0196	$3003			MOVLW	3
$0197	$00F5			MOVWF	STACK_4+1
$0198	$0835			MOVF	_valor, 0
$0199	$00F0			MOVWF	STACK_0
$019A	$0836			MOVF	_valor+1, 0
$019B	$00F1			MOVWF	STACK_0+1
$019C	$243D			CALL	_div_16x16_s
$019D	$0870			MOVF	STACK_0, 0
$019E	$00BF			MOVWF	FLOC_main+4
$019F	$0871			MOVF	STACK_0+1, 0
$01A0	$00C0			MOVWF	FLOC_main+5
$01A1	$083F			MOVF	FLOC_main+4, 0
$01A2	$00B7			MOVWF	_motor
$01A3	$0840			MOVF	FLOC_main+5, 0
$01A4	$00B8			MOVWF	_motor+1
;ControleSerial.pbas,77 :: 		ciclos = valor - (motor * 1000)
$01A5	$083F			MOVF	FLOC_main+4, 0
$01A6	$00F0			MOVWF	STACK_0
$01A7	$0840			MOVF	FLOC_main+5, 0
$01A8	$00F1			MOVWF	STACK_0+1
$01A9	$30E8			MOVLW	232
$01AA	$00F4			MOVWF	STACK_4
$01AB	$3003			MOVLW	3
$01AC	$00F5			MOVWF	STACK_4+1
$01AD	$24DA			CALL	_mul_16x16_s
$01AE	$0870			MOVF	STACK_0, 0
$01AF	$0235			SUBWF	_valor, 0
$01B0	$00B9			MOVWF	_ciclos
$01B1	$0871			MOVF	STACK_0+1, 0
$01B2	$1C03			BTFSS	STATUS, C
$01B3	$3F01			ADDLW	1
$01B4	$0236			SUBWF	_valor+1, 0
$01B5	$00BA			MOVWF	_ciclos+1
;ControleSerial.pbas,79 :: 		if motor=1 then 'Envia o nmero de pulsos.
$01B6	$3000			MOVLW	0
$01B7	$0640			XORWF	FLOC_main+5, 0
$01B8	$1D03			BTFSS	STATUS, Z
$01B9	$29BC			GOTO	L_main_8
$01BA	$3001			MOVLW	1
$01BB	$063F			XORWF	FLOC_main+4, 0
$01BC	$	L_main_8:
$01BC	$1D03			BTFSS	STATUS, Z
$01BD	$29C5			GOTO	ControleSerial_L_30
$01BE	$	ControleSerial_L_29:
;ControleSerial.pbas,80 :: 		ciclo(ciclos, 0)
$01BE	$0839			MOVF	_ciclos, 0
$01BF	$00C1			MOVWF	FARG_ciclo
$01C0	$083A			MOVF	_ciclos+1, 0
$01C1	$00C2			MOVWF	FARG_ciclo+1
$01C2	$01C3			CLRF	FARG_ciclo+2
$01C3	$01C4			CLRF	FARG_ciclo+3
$01C4	$23C5			CALL	_ciclo
$01C5	$	ControleSerial_L_30:
;ControleSerial.pbas,81 :: 		end if
$01C5	$	ControleSerial_L_31:
;ControleSerial.pbas,83 :: 		if motor=2 then 'Envia o nmero de pulsos.
$01C5	$3000			MOVLW	0
$01C6	$0638			XORWF	_motor+1, 0
$01C7	$1D03			BTFSS	STATUS, Z
$01C8	$29CB			GOTO	L_main_9
$01C9	$3002			MOVLW	2
$01CA	$0637			XORWF	_motor, 0
$01CB	$	L_main_9:
$01CB	$1D03			BTFSS	STATUS, Z
$01CC	$29D5			GOTO	ControleSerial_L_33
$01CD	$	ControleSerial_L_32:
;ControleSerial.pbas,84 :: 		ciclo(ciclos, 1)
$01CD	$0839			MOVF	_ciclos, 0
$01CE	$00C1			MOVWF	FARG_ciclo
$01CF	$083A			MOVF	_ciclos+1, 0
$01D0	$00C2			MOVWF	FARG_ciclo+1
$01D1	$3001			MOVLW	1
$01D2	$00C3			MOVWF	FARG_ciclo+2
$01D3	$01C4			CLRF	FARG_ciclo+3
$01D4	$23C5			CALL	_ciclo
$01D5	$	ControleSerial_L_33:
;ControleSerial.pbas,85 :: 		end if
$01D5	$	ControleSerial_L_34:
;ControleSerial.pbas,87 :: 		if valor=1002 then  'Determina a mudana W/H.
$01D5	$0836			MOVF	_valor+1, 0
$01D6	$3A03			XORLW	3
$01D7	$1D03			BTFSS	STATUS, Z
$01D8	$29DB			GOTO	L_main_10
$01D9	$30EA			MOVLW	234
$01DA	$0635			XORWF	_valor, 0
$01DB	$	L_main_10:
$01DB	$1D03			BTFSS	STATUS, Z
$01DC	$29DF			GOTO	ControleSerial_L_36
$01DD	$	ControleSerial_L_35:
;ControleSerial.pbas,88 :: 		passo=true
$01DD	$30FF			MOVLW	255
$01DE	$00A1			MOVWF	_passo
$01DF	$	ControleSerial_L_36:
;ControleSerial.pbas,89 :: 		end if
$01DF	$	ControleSerial_L_37:
$01DF	$	ControleSerial_L_21:
;ControleSerial.pbas,91 :: 		end if
$01DF	$	ControleSerial_L_22:
;ControleSerial.pbas,93 :: 		goto executa
$01DF	$294D			GOTO	_main_executa
$01E0	$29E0			GOTO	$


//** Procedures locations **
//ADDRESS		PROCEDURE
//----------------------------------------------
$0004		SDIV3232L
$0132		main
$01E1		StrToInt
$02A3		Div_32x32_S
$033D		VDelay_ms
$03C5		ciclo
$043D		Div_16x16_S
$0497		Usart_Read_Text
$04DA		Mul_16x16_S
$0523		strcmp
$0569		Mul_32x32_S
$05A4		Mul_32x32_U
$05DB		Div_16x16_S_L
$0608		Div_16x16_U
$0625		Usart_Write_Text
$063B		USART_Init
$0650		USART_Read
$0663		USART_Write
$0675		COMFREM
$0683		USART_Data_Ready


//** Labels locations **
//ADDRESS		LABEL
//----------------------------------------------
$0004		_sdiv3232l:
$0017		LOOPS3232A:
$002D		SADD22LA:
$003A		SOK22LA:
$0053		SADD22L8:
$0060		SOK22L8:
$0063		LOOPS3232B:
$0079		SADD22LB:
$0086		SOK22LB:
$009F		SADD22L16:
$00AC		SOK22L16:
$00AF		LOOPS3232C:
$00C5		SADD22LC:
$00D2		SOK22LC:
$00EB		SADD22L24:
$00F8		SOK22L24:
$00FB		LOOPS3232D:
$0111		SADD22LD:
$011E		SOK22LD:
$0131		math_L_9:
$0131		SOK22L:
$0132		_main:
$0132		_main_main:
$014D		_main_executa:
$0152		ControleSerial_L_20:
$017B		L_main_6:
$017D		ControleSerial_L_23:
$017F		ControleSerial_L_24:
$017F		ControleSerial_L_25:
$0191		L_main_7:
$0193		ControleSerial_L_26:
$0194		ControleSerial_L_27:
$0194		ControleSerial_L_28:
$01BC		L_main_8:
$01BE		ControleSerial_L_29:
$01C5		ControleSerial_L_30:
$01C5		ControleSerial_L_31:
$01CB		L_main_9:
$01CD		ControleSerial_L_32:
$01D5		ControleSerial_L_33:
$01D5		ControleSerial_L_34:
$01DB		L_main_10:
$01DD		ControleSerial_L_35:
$01DF		ControleSerial_L_21:
$01DF		ControleSerial_L_22:
$01DF		ControleSerial_L_36:
$01DF		ControleSerial_L_37:
$01E1		_strtoint:
$01F1		conv_L_172:
$0203		conv_L_176:
$020A		conv_L_177:
$020A		conv_L_178:
$0213		conv_L_179:
$024D		conv_L_180:
$024D		conv_L_181:
$025D		conv_L_173:
$0261		conv_L_182:
$0265		conv_L_183:
$0268		conv_L_184:
$0268		conv_L_186:
$026E		L_StrToInt_20:
$028A		conv_L_187:
$0294		L_StrToInt_21:
$0296		conv_L_190:
$029E		conv_L_170:
$029E		conv_L_191:
$029E		conv_L_192:
$02A3		_div_32x32_s:
$02A5		FXD3232S:
$02C5		CA3232S:
$02D2		C3232SX:
$02D7		C3232S:
$02D8		C3232S2:
$02DA		C3232SOK:
$02F3		C3232SX1:
$0304		C3232SX2:
$030A		C3232SX3:
$0310		C3232SX4:
$0337		END_ALL:
$033B		AVOID_COMFREM:
$033C		math_L_11:
$033D		_vdelay_ms:
$036A		L_VDelay_ms_0:
$036C		delays_L_18:
$036D		delays_L_19:
$036D		delays_L_20:
$039C		L_VDelay_ms_1:
$03A5		delays_L_22:
$03A5		L_VDelay_ms_2:
$03C4		delays_L_17:
$03C4		delays_L_23:
$03C5		_ciclo:
$03CB		ControleSerial_L_1:
$03CB		ControleSerial_L_4:
$03CC		ControleSerial_L_5:
$03DD		ControleSerial_L_7:
$03DE		ControleSerial_L_2:
$03DE		ControleSerial_L_3:
$03E1		ControleSerial_L_8:
$03EB		L_ciclo_0:
$03F1		ControleSerial_L_12:
$03F1		ControleSerial_L_15:
$03F2		ControleSerial_L_13:
$03F2		ControleSerial_L_14:
$03F2		ControleSerial_L_16:
$03F5		L_ciclo_1:
$03FB		L_ciclo_2:
$0405		L_ciclo_3:
$040B		L_ciclo_4:
$0419		L_ciclo_5:
$041B		ControleSerial_L_9:
$041F		ControleSerial_L_11:
$0421		ControleSerial_L_18:
$043C		ControleSerial_L_0:
$043D		_div_16x16_s:
$0496		math_L_7:
$0497		_usart_read_text:
$04A0		USART_b75_L_29:
$04A5		USART_b75_L_33:
$04B5		USART_b75_L_36:
$04BA		USART_b75_L_37:
$04BC		USART_b75_L_38:
$04C7		USART_b75_L_39:
$04C8		USART_b75_L_40:
$04C8		USART_b75_L_41:
$04CD		USART_b75_L_42:
$04D0		USART_b75_L_34:
$04D0		USART_b75_L_35:
$04D0		USART_b75_L_43:
$04D0		USART_b75_L_44:
$04D1		USART_b75_L_30:
$04D9		USART_b75_L_27:
$04DA		_mul_16x16_s:
$0522		math_L_5:
$0523		_strcmp:
$0535		StringsLib_L_77:
$053B		L_strcmp_8:
$0564		StringsLib_L_75:
$0564		StringsLib_L_78:
$0569		_mul_32x32_s:
$056C		_IF_FIRST:
$056E		_INVERCE_FIRST:
$057B		_IF_SECOND:
$057D		_INBERSE_SECOND:
$0589		_MULT:
$05A3		_EXIT:
$05A3		math_L_14:
$05A4		_mul_32x32_u:
$05AC		_NEXT:
$05B0		_LOOP:
$05CC		_EXIT1:
$05DA		_EXIT2:
$05DA		math_L_13:
$05DB		_div_16x16_s_l:
$0607		math_L_6:
$0608		_div_16x16_u:
$0624		math_L_3:
$0625		_usart_write_text:
$062C		USART_b75_L_47:
$063A		USART_b75_L_45:
$063A		USART_b75_L_48:
$063B		_usart_init:
$063B		USART_b75_L_1:
$063E		USART_b75_L_2:
$0641		USART_b75_L_3:
$0643		USART_b75_L_4:
$0643		USART_b75_L_5:
$0644		USART_b75_L_6:
$0644		USART_b75_L_8:
$064F		USART_b75_L_0:
$064F		USART_b75_L_9:
$0650		_usart_read:
$065E		USART_b75_L_20:
$065F		USART_b75_L_24:
$065F		USART_b75_L_25:
$0660		USART_b75_L_19:
$0660		USART_b75_L_21:
$0660		USART_b75_L_22:
$0660		USART_b75_L_26:
$0663		_usart_write:
$0663		USART_b75_L_14:
$0671		USART_b75_L_15:
$0674		USART_b75_L_12:
$0675		_comfrem:
$0682		math_L_10:
$0683		_usart_data_ready:
$068D		USART_b75_L_18:


//** Variables locations **
//ADDRESS		VARIABLE
//----------------------------------------------
$0000		INDF
$0002		PCL
$0003		STATUS
$0004		FSR
$0007		PORTC
$000A		PCLATH
$000B		INTCON
$000C		PIR1
$0018		RCSTA
$0019		TXREG
$001A		RCREG
$0020		math___math_tempb
$0021		_passo
$0022		_sentanthor
$0023		_tmpon
$0025		_tmpoff
$0027		_recmotor
$002E		_recdirec
$0035		_valor
$0037		_motor
$0039		_ciclos
$003B		?main_Local_Text
$003F		?T9__main
$0041		FARG_ciclo
$0041		FARG_strcmp
$0041		FARG_StrToInt
$0041		FARG_USART_Init
$0041		FARG_Usart_Read_Text
$0042		_strtoint_local_result
$0042		FARG_strcmp+1
$0042		FARG_Usart_Read_Text+1
$0043		_strcmp_local_result
$0043		_usart_read_text_local_i
$0043		FARG_ciclo+2
$0044		_strtoint_local_i
$0044		_usart_read_text_local_j
$0045		_ciclo_local_x
$0045		_strcmp_local_i
$0045		_usart_read_text_local_data
$0046		_strtoint_local_ep
$0046		_usart_read_text_local_data2
$0047		?ciclo_Local_Text
$0047		_usart_read_text_local_lasti
$0048		_strtoint_local_negative
$004A		_strtoint_local_tmp
$004E		_usart_data_ready_local_result
$004E		_usart_read_local_result
$004E		FARG_Usart_Write_Text
$004E		FARG_VDelay_ms
$004F		_usart_write_text_local_i
$0050		_usart_write_text_local_data
$0050		_vdelay_ms_local_numberofcyc
$0054		FARG_USART_Write
$0070		STACK_0
$0071		STACK_1
$0072		STACK_2
$0073		STACK_3
$0074		STACK_4
$0075		STACK_5
$0076		STACK_6
$0077		STACK_7
$0078		STACK_8
$0079		STACK_9
$007A		STACK_10
$007B		STACK_11
$007C		STACK_12
$007D		STACK_13
$007E		STACK_14
$007F		STACK_15
$0085		TRISA
$0086		TRISB
$0087		TRISC
$0098		TXSTA
$0099		SPBRG
$011E		ANSEL
$011F		ANSELH


