;  Assembly code generated by mikroVirtualMachine - V. 5.0.0.3
;  Date/Time: 22/10/2020 22:33:32
;  Info: http://www.mikroe.com


; ADDRESS	OPCODE	ASM
; ----------------------------------------------
$0000	$28DA			GOTO	_main
$0004	$	_pulso:
;ControleMotor.pbas,12 :: 		sub procedure pulso()
;ControleMotor.pbas,13 :: 		if revolucao = true then
$0004	$1303			BCF	STATUS, RP1
$0005	$1283			BCF	STATUS, RP0
$0006	$0820			MOVF	_revolucao, 0
$0007	$3AFF			XORLW	255
$0008	$1D03			BTFSS	STATUS, Z
$0009	$2886			GOTO	ControleMotor_L_2
$000A	$	ControleMotor_L_1:
;ControleMotor.pbas,14 :: 		if direcao = false then
$000A	$0821			MOVF	_direcao, 0
$000B	$3A00			XORLW	0
$000C	$1D03			BTFSS	STATUS, Z
$000D	$281F			GOTO	ControleMotor_L_5
$000E	$	ControleMotor_L_4:
;ControleMotor.pbas,15 :: 		inc(passo)
$000E	$0AA2			INCF	_passo, 1
$000F	$1903			BTFSC	STATUS, Z
$0010	$0AA3			INCF	_passo+1, 1
;ControleMotor.pbas,16 :: 		if passo > 8 then passo=1 end if
$0011	$3080			MOVLW	128
$0012	$00F0			MOVWF	STACK_0
$0013	$3080			MOVLW	128
$0014	$0623			XORWF	_passo+1, 0
$0015	$0270			SUBWF	STACK_0, 0
$0016	$1D03			BTFSS	STATUS, Z
$0017	$281A			GOTO	L_pulso_0
$0018	$0822			MOVF	_passo, 0
$0019	$3C08			SUBLW	8
$001A	$	L_pulso_0:
$001A	$1803			BTFSC	STATUS, C
$001B	$281F			GOTO	ControleMotor_L_8
$001C	$	ControleMotor_L_7:
$001C	$3001			MOVLW	1
$001D	$00A2			MOVWF	_passo
$001E	$01A3			CLRF	_passo+1
$001F	$	ControleMotor_L_8:
$001F	$	ControleMotor_L_9:
$001F	$	ControleMotor_L_5:
;ControleMotor.pbas,17 :: 		end if
$001F	$	ControleMotor_L_6:
;ControleMotor.pbas,18 :: 		if direcao = true then
$001F	$0821			MOVF	_direcao, 0
$0020	$3AFF			XORLW	255
$0021	$1D03			BTFSS	STATUS, Z
$0022	$2835			GOTO	ControleMotor_L_11
$0023	$	ControleMotor_L_10:
;ControleMotor.pbas,19 :: 		dec(passo)
$0023	$3001			MOVLW	1
$0024	$02A2			SUBWF	_passo, 1
$0025	$1C03			BTFSS	STATUS, C
$0026	$03A3			DECF	_passo+1, 1
;ControleMotor.pbas,20 :: 		if passo < 1 then passo=8 end if
$0027	$3080			MOVLW	128
$0028	$0623			XORWF	_passo+1, 0
$0029	$00F0			MOVWF	STACK_0
$002A	$3080			MOVLW	128
$002B	$0270			SUBWF	STACK_0, 0
$002C	$1D03			BTFSS	STATUS, Z
$002D	$2830			GOTO	L_pulso_1
$002E	$3001			MOVLW	1
$002F	$0222			SUBWF	_passo, 0
$0030	$	L_pulso_1:
$0030	$1803			BTFSC	STATUS, C
$0031	$2835			GOTO	ControleMotor_L_14
$0032	$	ControleMotor_L_13:
$0032	$3008			MOVLW	8
$0033	$00A2			MOVWF	_passo
$0034	$01A3			CLRF	_passo+1
$0035	$	ControleMotor_L_14:
$0035	$	ControleMotor_L_15:
$0035	$	ControleMotor_L_11:
;ControleMotor.pbas,21 :: 		end if
$0035	$	ControleMotor_L_12:
;ControleMotor.pbas,22 :: 		if passo=1 then PORTC=%00001001 end if
$0035	$3000			MOVLW	0
$0036	$0623			XORWF	_passo+1, 0
$0037	$1D03			BTFSS	STATUS, Z
$0038	$283B			GOTO	L_pulso_2
$0039	$3001			MOVLW	1
$003A	$0622			XORWF	_passo, 0
$003B	$	L_pulso_2:
$003B	$1D03			BTFSS	STATUS, Z
$003C	$283F			GOTO	ControleMotor_L_17
$003D	$	ControleMotor_L_16:
$003D	$3009			MOVLW	9
$003E	$0087			MOVWF	PORTC
$003F	$	ControleMotor_L_17:
$003F	$	ControleMotor_L_18:
;ControleMotor.pbas,23 :: 		if passo=2 then PORTC=%00001000 end if
$003F	$3000			MOVLW	0
$0040	$0623			XORWF	_passo+1, 0
$0041	$1D03			BTFSS	STATUS, Z
$0042	$2845			GOTO	L_pulso_3
$0043	$3002			MOVLW	2
$0044	$0622			XORWF	_passo, 0
$0045	$	L_pulso_3:
$0045	$1D03			BTFSS	STATUS, Z
$0046	$2849			GOTO	ControleMotor_L_20
$0047	$	ControleMotor_L_19:
$0047	$3008			MOVLW	8
$0048	$0087			MOVWF	PORTC
$0049	$	ControleMotor_L_20:
$0049	$	ControleMotor_L_21:
;ControleMotor.pbas,24 :: 		if passo=3 then PORTC=%00001100 end if
$0049	$3000			MOVLW	0
$004A	$0623			XORWF	_passo+1, 0
$004B	$1D03			BTFSS	STATUS, Z
$004C	$284F			GOTO	L_pulso_4
$004D	$3003			MOVLW	3
$004E	$0622			XORWF	_passo, 0
$004F	$	L_pulso_4:
$004F	$1D03			BTFSS	STATUS, Z
$0050	$2853			GOTO	ControleMotor_L_23
$0051	$	ControleMotor_L_22:
$0051	$300C			MOVLW	12
$0052	$0087			MOVWF	PORTC
$0053	$	ControleMotor_L_23:
$0053	$	ControleMotor_L_24:
;ControleMotor.pbas,25 :: 		if passo=4 then PORTC=%00000100 end if
$0053	$3000			MOVLW	0
$0054	$0623			XORWF	_passo+1, 0
$0055	$1D03			BTFSS	STATUS, Z
$0056	$2859			GOTO	L_pulso_5
$0057	$3004			MOVLW	4
$0058	$0622			XORWF	_passo, 0
$0059	$	L_pulso_5:
$0059	$1D03			BTFSS	STATUS, Z
$005A	$285D			GOTO	ControleMotor_L_26
$005B	$	ControleMotor_L_25:
$005B	$3004			MOVLW	4
$005C	$0087			MOVWF	PORTC
$005D	$	ControleMotor_L_26:
$005D	$	ControleMotor_L_27:
;ControleMotor.pbas,26 :: 		if passo=5 then PORTC=%00000110 end if
$005D	$3000			MOVLW	0
$005E	$0623			XORWF	_passo+1, 0
$005F	$1D03			BTFSS	STATUS, Z
$0060	$2863			GOTO	L_pulso_6
$0061	$3005			MOVLW	5
$0062	$0622			XORWF	_passo, 0
$0063	$	L_pulso_6:
$0063	$1D03			BTFSS	STATUS, Z
$0064	$2867			GOTO	ControleMotor_L_29
$0065	$	ControleMotor_L_28:
$0065	$3006			MOVLW	6
$0066	$0087			MOVWF	PORTC
$0067	$	ControleMotor_L_29:
$0067	$	ControleMotor_L_30:
;ControleMotor.pbas,27 :: 		if passo=6 then PORTC=%00000010 end if
$0067	$3000			MOVLW	0
$0068	$0623			XORWF	_passo+1, 0
$0069	$1D03			BTFSS	STATUS, Z
$006A	$286D			GOTO	L_pulso_7
$006B	$3006			MOVLW	6
$006C	$0622			XORWF	_passo, 0
$006D	$	L_pulso_7:
$006D	$1D03			BTFSS	STATUS, Z
$006E	$2871			GOTO	ControleMotor_L_32
$006F	$	ControleMotor_L_31:
$006F	$3002			MOVLW	2
$0070	$0087			MOVWF	PORTC
$0071	$	ControleMotor_L_32:
$0071	$	ControleMotor_L_33:
;ControleMotor.pbas,28 :: 		if passo=7 then PORTC=%00000011 end if
$0071	$3000			MOVLW	0
$0072	$0623			XORWF	_passo+1, 0
$0073	$1D03			BTFSS	STATUS, Z
$0074	$2877			GOTO	L_pulso_8
$0075	$3007			MOVLW	7
$0076	$0622			XORWF	_passo, 0
$0077	$	L_pulso_8:
$0077	$1D03			BTFSS	STATUS, Z
$0078	$287B			GOTO	ControleMotor_L_35
$0079	$	ControleMotor_L_34:
$0079	$3003			MOVLW	3
$007A	$0087			MOVWF	PORTC
$007B	$	ControleMotor_L_35:
$007B	$	ControleMotor_L_36:
;ControleMotor.pbas,29 :: 		if passo=8 then PORTC=%00000001 end if
$007B	$3000			MOVLW	0
$007C	$0623			XORWF	_passo+1, 0
$007D	$1D03			BTFSS	STATUS, Z
$007E	$2881			GOTO	L_pulso_9
$007F	$3008			MOVLW	8
$0080	$0622			XORWF	_passo, 0
$0081	$	L_pulso_9:
$0081	$1D03			BTFSS	STATUS, Z
$0082	$2885			GOTO	ControleMotor_L_38
$0083	$	ControleMotor_L_37:
$0083	$3001			MOVLW	1
$0084	$0087			MOVWF	PORTC
$0085	$	ControleMotor_L_38:
$0085	$	ControleMotor_L_39:
$0085	$28D9			GOTO	ControleMotor_L_3
;ControleMotor.pbas,30 :: 		else
$0086	$	ControleMotor_L_2:
;ControleMotor.pbas,31 :: 		if direcao = false then
$0086	$0821			MOVF	_direcao, 0
$0087	$3A00			XORLW	0
$0088	$1D03			BTFSS	STATUS, Z
$0089	$289B			GOTO	ControleMotor_L_41
$008A	$	ControleMotor_L_40:
;ControleMotor.pbas,32 :: 		inc(passo)
$008A	$0AA2			INCF	_passo, 1
$008B	$1903			BTFSC	STATUS, Z
$008C	$0AA3			INCF	_passo+1, 1
;ControleMotor.pbas,33 :: 		if passo > 4 then passo=1 end if
$008D	$3080			MOVLW	128
$008E	$00F0			MOVWF	STACK_0
$008F	$3080			MOVLW	128
$0090	$0623			XORWF	_passo+1, 0
$0091	$0270			SUBWF	STACK_0, 0
$0092	$1D03			BTFSS	STATUS, Z
$0093	$2896			GOTO	L_pulso_10
$0094	$0822			MOVF	_passo, 0
$0095	$3C04			SUBLW	4
$0096	$	L_pulso_10:
$0096	$1803			BTFSC	STATUS, C
$0097	$289B			GOTO	ControleMotor_L_44
$0098	$	ControleMotor_L_43:
$0098	$3001			MOVLW	1
$0099	$00A2			MOVWF	_passo
$009A	$01A3			CLRF	_passo+1
$009B	$	ControleMotor_L_44:
$009B	$	ControleMotor_L_45:
$009B	$	ControleMotor_L_41:
;ControleMotor.pbas,34 :: 		end if
$009B	$	ControleMotor_L_42:
;ControleMotor.pbas,35 :: 		if direcao = true then
$009B	$0821			MOVF	_direcao, 0
$009C	$3AFF			XORLW	255
$009D	$1D03			BTFSS	STATUS, Z
$009E	$28B1			GOTO	ControleMotor_L_47
$009F	$	ControleMotor_L_46:
;ControleMotor.pbas,36 :: 		dec(passo)
$009F	$3001			MOVLW	1
$00A0	$02A2			SUBWF	_passo, 1
$00A1	$1C03			BTFSS	STATUS, C
$00A2	$03A3			DECF	_passo+1, 1
;ControleMotor.pbas,37 :: 		if passo < 1 then passo=4 end if
$00A3	$3080			MOVLW	128
$00A4	$0623			XORWF	_passo+1, 0
$00A5	$00F0			MOVWF	STACK_0
$00A6	$3080			MOVLW	128
$00A7	$0270			SUBWF	STACK_0, 0
$00A8	$1D03			BTFSS	STATUS, Z
$00A9	$28AC			GOTO	L_pulso_11
$00AA	$3001			MOVLW	1
$00AB	$0222			SUBWF	_passo, 0
$00AC	$	L_pulso_11:
$00AC	$1803			BTFSC	STATUS, C
$00AD	$28B1			GOTO	ControleMotor_L_50
$00AE	$	ControleMotor_L_49:
$00AE	$3004			MOVLW	4
$00AF	$00A2			MOVWF	_passo
$00B0	$01A3			CLRF	_passo+1
$00B1	$	ControleMotor_L_50:
$00B1	$	ControleMotor_L_51:
$00B1	$	ControleMotor_L_47:
;ControleMotor.pbas,38 :: 		end if
$00B1	$	ControleMotor_L_48:
;ControleMotor.pbas,39 :: 		if passo=1 then PORTC=%00001000 end if
$00B1	$3000			MOVLW	0
$00B2	$0623			XORWF	_passo+1, 0
$00B3	$1D03			BTFSS	STATUS, Z
$00B4	$28B7			GOTO	L_pulso_12
$00B5	$3001			MOVLW	1
$00B6	$0622			XORWF	_passo, 0
$00B7	$	L_pulso_12:
$00B7	$1D03			BTFSS	STATUS, Z
$00B8	$28BB			GOTO	ControleMotor_L_53
$00B9	$	ControleMotor_L_52:
$00B9	$3008			MOVLW	8
$00BA	$0087			MOVWF	PORTC
$00BB	$	ControleMotor_L_53:
$00BB	$	ControleMotor_L_54:
;ControleMotor.pbas,40 :: 		if passo=2 then PORTC=%00000100 end if
$00BB	$3000			MOVLW	0
$00BC	$0623			XORWF	_passo+1, 0
$00BD	$1D03			BTFSS	STATUS, Z
$00BE	$28C1			GOTO	L_pulso_13
$00BF	$3002			MOVLW	2
$00C0	$0622			XORWF	_passo, 0
$00C1	$	L_pulso_13:
$00C1	$1D03			BTFSS	STATUS, Z
$00C2	$28C5			GOTO	ControleMotor_L_56
$00C3	$	ControleMotor_L_55:
$00C3	$3004			MOVLW	4
$00C4	$0087			MOVWF	PORTC
$00C5	$	ControleMotor_L_56:
$00C5	$	ControleMotor_L_57:
;ControleMotor.pbas,41 :: 		if passo=3 then PORTC=%00000010 end if
$00C5	$3000			MOVLW	0
$00C6	$0623			XORWF	_passo+1, 0
$00C7	$1D03			BTFSS	STATUS, Z
$00C8	$28CB			GOTO	L_pulso_14
$00C9	$3003			MOVLW	3
$00CA	$0622			XORWF	_passo, 0
$00CB	$	L_pulso_14:
$00CB	$1D03			BTFSS	STATUS, Z
$00CC	$28CF			GOTO	ControleMotor_L_59
$00CD	$	ControleMotor_L_58:
$00CD	$3002			MOVLW	2
$00CE	$0087			MOVWF	PORTC
$00CF	$	ControleMotor_L_59:
$00CF	$	ControleMotor_L_60:
;ControleMotor.pbas,42 :: 		if passo=4 then PORTC=%00000001 end if
$00CF	$3000			MOVLW	0
$00D0	$0623			XORWF	_passo+1, 0
$00D1	$1D03			BTFSS	STATUS, Z
$00D2	$28D5			GOTO	L_pulso_15
$00D3	$3004			MOVLW	4
$00D4	$0622			XORWF	_passo, 0
$00D5	$	L_pulso_15:
$00D5	$1D03			BTFSS	STATUS, Z
$00D6	$28D9			GOTO	ControleMotor_L_62
$00D7	$	ControleMotor_L_61:
$00D7	$3001			MOVLW	1
$00D8	$0087			MOVWF	PORTC
$00D9	$	ControleMotor_L_62:
$00D9	$	ControleMotor_L_63:
;ControleMotor.pbas,43 :: 		end if
$00D9	$	ControleMotor_L_3:
$00D9	$	ControleMotor_L_0:
$00D9	$0008			RETURN
$00DA	$	_main:
;ControleMotor.pbas,46 :: 		main:
$00DA	$	_main_main:
;ControleMotor.pbas,47 :: 		TRISA=%11111111
$00DA	$30FF			MOVLW	255
$00DB	$1303			BCF	STATUS, RP1
$00DC	$1683			BSF	STATUS, RP0
$00DD	$0085			MOVWF	TRISA
;ControleMotor.pbas,48 :: 		TRISB=%01111111
$00DE	$307F			MOVLW	127
$00DF	$0086			MOVWF	TRISB
;ControleMotor.pbas,49 :: 		TRISC=%00000000
$00E0	$0187			CLRF	TRISC, 1
;ControleMotor.pbas,50 :: 		INTCON=%00000000
$00E1	$018B			CLRF	INTCON, 1
;ControleMotor.pbas,51 :: 		ANSEL=%00000000
$00E2	$1703			BSF	STATUS, RP1
$00E3	$1283			BCF	STATUS, RP0
$00E4	$019E			CLRF	ANSEL, 1
;ControleMotor.pbas,52 :: 		ANSELH=%00000000
$00E5	$019F			CLRF	ANSELH, 1
;ControleMotor.pbas,54 :: 		PORTC=0
$00E6	$1303			BCF	STATUS, RP1
$00E7	$0187			CLRF	PORTC, 1
;ControleMotor.pbas,55 :: 		passo=0
$00E8	$01A2			CLRF	_passo
$00E9	$01A3			CLRF	_passo+1
;ControleMotor.pbas,56 :: 		borda=false
$00EA	$01A4			CLRF	_borda, 1
;ControleMotor.pbas,57 :: 		borda2=false
$00EB	$01A5			CLRF	_borda2, 1
;ControleMotor.pbas,58 :: 		borda3=false
$00EC	$01A6			CLRF	_borda3, 1
;ControleMotor.pbas,59 :: 		direcao=false
$00ED	$01A1			CLRF	_direcao, 1
;ControleMotor.pbas,60 :: 		revolucao=true 'Quando true 400 pulsos por revolução
$00EE	$30FF			MOVLW	255
$00EF	$00A0			MOVWF	_revolucao
;ControleMotor.pbas,63 :: 		executa:
$00F0	$	_main_executa:
;ControleMotor.pbas,67 :: 		if testbit(porta,0)=1 then
$00F0	$3001			MOVLW	1
$00F1	$0505			ANDWF	PORTA, 0
$00F2	$00F1			MOVWF	STACK_1
$00F3	$0871			MOVF	STACK_1, 0
$00F4	$3A01			XORLW	1
$00F5	$1D03			BTFSS	STATUS, Z
$00F6	$28FE			GOTO	ControleMotor_L_66
$00F7	$	ControleMotor_L_65:
;ControleMotor.pbas,68 :: 		if borda=false then
$00F7	$0824			MOVF	_borda, 0
$00F8	$3A00			XORLW	0
$00F9	$1D03			BTFSS	STATUS, Z
$00FA	$28FE			GOTO	ControleMotor_L_69
$00FB	$	ControleMotor_L_68:
;ControleMotor.pbas,69 :: 		borda=true
$00FB	$30FF			MOVLW	255
$00FC	$00A4			MOVWF	_borda
;ControleMotor.pbas,70 :: 		pulso()
$00FD	$2004			CALL	_pulso
$00FE	$	ControleMotor_L_69:
;ControleMotor.pbas,71 :: 		end if
$00FE	$	ControleMotor_L_70:
$00FE	$	ControleMotor_L_66:
;ControleMotor.pbas,72 :: 		end if
$00FE	$	ControleMotor_L_67:
;ControleMotor.pbas,73 :: 		if testbit(porta,0)=0 then borda=false end if
$00FE	$3001			MOVLW	1
$00FF	$0505			ANDWF	PORTA, 0
$0100	$00F1			MOVWF	STACK_1
$0101	$0871			MOVF	STACK_1, 0
$0102	$3A00			XORLW	0
$0103	$1D03			BTFSS	STATUS, Z
$0104	$2906			GOTO	ControleMotor_L_72
$0105	$	ControleMotor_L_71:
$0105	$01A4			CLRF	_borda, 1
$0106	$	ControleMotor_L_72:
$0106	$	ControleMotor_L_73:
;ControleMotor.pbas,78 :: 		if testbit(porta,1)=1 then
$0106	$3000			MOVLW	0
$0107	$1885			BTFSC	PORTA, 1
$0108	$3001			MOVLW	1
$0109	$00F1			MOVWF	STACK_1
$010A	$0871			MOVF	STACK_1, 0
$010B	$3A01			XORLW	1
$010C	$1D03			BTFSS	STATUS, Z
$010D	$291C			GOTO	ControleMotor_L_75
$010E	$	ControleMotor_L_74:
;ControleMotor.pbas,79 :: 		if borda2=false then
$010E	$0825			MOVF	_borda2, 0
$010F	$3A00			XORLW	0
$0110	$1D03			BTFSS	STATUS, Z
$0111	$291C			GOTO	ControleMotor_L_78
$0112	$	ControleMotor_L_77:
;ControleMotor.pbas,80 :: 		borda2=true
$0112	$30FF			MOVLW	255
$0113	$00A5			MOVWF	_borda2
;ControleMotor.pbas,81 :: 		if direcao = false then direcao=true else direcao=false end if
$0114	$0821			MOVF	_direcao, 0
$0115	$3A00			XORLW	0
$0116	$1D03			BTFSS	STATUS, Z
$0117	$291B			GOTO	ControleMotor_L_81
$0118	$	ControleMotor_L_80:
$0118	$30FF			MOVLW	255
$0119	$00A1			MOVWF	_direcao
$011A	$291C			GOTO	ControleMotor_L_82
$011B	$	ControleMotor_L_81:
$011B	$01A1			CLRF	_direcao, 1
$011C	$	ControleMotor_L_82:
$011C	$	ControleMotor_L_78:
;ControleMotor.pbas,82 :: 		end if
$011C	$	ControleMotor_L_79:
$011C	$	ControleMotor_L_75:
;ControleMotor.pbas,83 :: 		end if
$011C	$	ControleMotor_L_76:
;ControleMotor.pbas,84 :: 		if testbit(porta,1)=0 then borda2=false end if
$011C	$3000			MOVLW	0
$011D	$1885			BTFSC	PORTA, 1
$011E	$3001			MOVLW	1
$011F	$00F1			MOVWF	STACK_1
$0120	$0871			MOVF	STACK_1, 0
$0121	$3A00			XORLW	0
$0122	$1D03			BTFSS	STATUS, Z
$0123	$2925			GOTO	ControleMotor_L_84
$0124	$	ControleMotor_L_83:
$0124	$01A5			CLRF	_borda2, 1
$0125	$	ControleMotor_L_84:
$0125	$	ControleMotor_L_85:
;ControleMotor.pbas,90 :: 		if testbit(porta,2)=1 then
$0125	$3000			MOVLW	0
$0126	$1905			BTFSC	PORTA, 2
$0127	$3001			MOVLW	1
$0128	$00F1			MOVWF	STACK_1
$0129	$0871			MOVF	STACK_1, 0
$012A	$3A01			XORLW	1
$012B	$1D03			BTFSS	STATUS, Z
$012C	$2949			GOTO	ControleMotor_L_87
$012D	$	ControleMotor_L_86:
;ControleMotor.pbas,91 :: 		if borda3=false then
$012D	$0826			MOVF	_borda3, 0
$012E	$3A00			XORLW	0
$012F	$1D03			BTFSS	STATUS, Z
$0130	$2949			GOTO	ControleMotor_L_90
$0131	$	ControleMotor_L_89:
;ControleMotor.pbas,92 :: 		borda3=true
$0131	$30FF			MOVLW	255
$0132	$00A6			MOVWF	_borda3
;ControleMotor.pbas,93 :: 		if revolucao=false then
$0133	$0820			MOVF	_revolucao, 0
$0134	$3A00			XORLW	0
$0135	$1D03			BTFSS	STATUS, Z
$0136	$293A			GOTO	ControleMotor_L_93
$0137	$	ControleMotor_L_92:
;ControleMotor.pbas,94 :: 		revolucao = true
$0137	$30FF			MOVLW	255
$0138	$00A0			MOVWF	_revolucao
$0139	$2949			GOTO	ControleMotor_L_94
;ControleMotor.pbas,95 :: 		else
$013A	$	ControleMotor_L_93:
;ControleMotor.pbas,96 :: 		revolucao=false
$013A	$01A0			CLRF	_revolucao, 1
;ControleMotor.pbas,97 :: 		if passo > 4 then passo=4 end if
$013B	$3080			MOVLW	128
$013C	$00F0			MOVWF	STACK_0
$013D	$3080			MOVLW	128
$013E	$0623			XORWF	_passo+1, 0
$013F	$0270			SUBWF	STACK_0, 0
$0140	$1D03			BTFSS	STATUS, Z
$0141	$2944			GOTO	L_main_16
$0142	$0822			MOVF	_passo, 0
$0143	$3C04			SUBLW	4
$0144	$	L_main_16:
$0144	$1803			BTFSC	STATUS, C
$0145	$2949			GOTO	ControleMotor_L_96
$0146	$	ControleMotor_L_95:
$0146	$3004			MOVLW	4
$0147	$00A2			MOVWF	_passo
$0148	$01A3			CLRF	_passo+1
$0149	$	ControleMotor_L_96:
$0149	$	ControleMotor_L_97:
;ControleMotor.pbas,98 :: 		end if
$0149	$	ControleMotor_L_94:
$0149	$	ControleMotor_L_90:
;ControleMotor.pbas,99 :: 		end if
$0149	$	ControleMotor_L_91:
$0149	$	ControleMotor_L_87:
;ControleMotor.pbas,100 :: 		end if
$0149	$	ControleMotor_L_88:
;ControleMotor.pbas,101 :: 		if testbit(porta,2)=0 then borda3=false end if
$0149	$3000			MOVLW	0
$014A	$1905			BTFSC	PORTA, 2
$014B	$3001			MOVLW	1
$014C	$00F1			MOVWF	STACK_1
$014D	$0871			MOVF	STACK_1, 0
$014E	$3A00			XORLW	0
$014F	$1D03			BTFSS	STATUS, Z
$0150	$2952			GOTO	ControleMotor_L_99
$0151	$	ControleMotor_L_98:
$0151	$01A6			CLRF	_borda3, 1
$0152	$	ControleMotor_L_99:
$0152	$	ControleMotor_L_100:
;ControleMotor.pbas,108 :: 		goto executa
$0152	$28F0			GOTO	_main_executa
$0153	$2953			GOTO	$


//** Procedures locations **
//ADDRESS		PROCEDURE
//----------------------------------------------
$0004		pulso
$00DA		main


//** Labels locations **
//ADDRESS		LABEL
//----------------------------------------------
$0004		_pulso:
$000A		ControleMotor_L_1:
$000E		ControleMotor_L_4:
$001A		L_pulso_0:
$001C		ControleMotor_L_7:
$001F		ControleMotor_L_5:
$001F		ControleMotor_L_6:
$001F		ControleMotor_L_8:
$001F		ControleMotor_L_9:
$0023		ControleMotor_L_10:
$0030		L_pulso_1:
$0032		ControleMotor_L_13:
$0035		ControleMotor_L_11:
$0035		ControleMotor_L_12:
$0035		ControleMotor_L_14:
$0035		ControleMotor_L_15:
$003B		L_pulso_2:
$003D		ControleMotor_L_16:
$003F		ControleMotor_L_17:
$003F		ControleMotor_L_18:
$0045		L_pulso_3:
$0047		ControleMotor_L_19:
$0049		ControleMotor_L_20:
$0049		ControleMotor_L_21:
$004F		L_pulso_4:
$0051		ControleMotor_L_22:
$0053		ControleMotor_L_23:
$0053		ControleMotor_L_24:
$0059		L_pulso_5:
$005B		ControleMotor_L_25:
$005D		ControleMotor_L_26:
$005D		ControleMotor_L_27:
$0063		L_pulso_6:
$0065		ControleMotor_L_28:
$0067		ControleMotor_L_29:
$0067		ControleMotor_L_30:
$006D		L_pulso_7:
$006F		ControleMotor_L_31:
$0071		ControleMotor_L_32:
$0071		ControleMotor_L_33:
$0077		L_pulso_8:
$0079		ControleMotor_L_34:
$007B		ControleMotor_L_35:
$007B		ControleMotor_L_36:
$0081		L_pulso_9:
$0083		ControleMotor_L_37:
$0085		ControleMotor_L_38:
$0085		ControleMotor_L_39:
$0086		ControleMotor_L_2:
$008A		ControleMotor_L_40:
$0096		L_pulso_10:
$0098		ControleMotor_L_43:
$009B		ControleMotor_L_41:
$009B		ControleMotor_L_42:
$009B		ControleMotor_L_44:
$009B		ControleMotor_L_45:
$009F		ControleMotor_L_46:
$00AC		L_pulso_11:
$00AE		ControleMotor_L_49:
$00B1		ControleMotor_L_47:
$00B1		ControleMotor_L_48:
$00B1		ControleMotor_L_50:
$00B1		ControleMotor_L_51:
$00B7		L_pulso_12:
$00B9		ControleMotor_L_52:
$00BB		ControleMotor_L_53:
$00BB		ControleMotor_L_54:
$00C1		L_pulso_13:
$00C3		ControleMotor_L_55:
$00C5		ControleMotor_L_56:
$00C5		ControleMotor_L_57:
$00CB		L_pulso_14:
$00CD		ControleMotor_L_58:
$00CF		ControleMotor_L_59:
$00CF		ControleMotor_L_60:
$00D5		L_pulso_15:
$00D7		ControleMotor_L_61:
$00D9		ControleMotor_L_0:
$00D9		ControleMotor_L_3:
$00D9		ControleMotor_L_62:
$00D9		ControleMotor_L_63:
$00DA		_main:
$00DA		_main_main:
$00F0		_main_executa:
$00F7		ControleMotor_L_65:
$00FB		ControleMotor_L_68:
$00FE		ControleMotor_L_66:
$00FE		ControleMotor_L_67:
$00FE		ControleMotor_L_69:
$00FE		ControleMotor_L_70:
$0105		ControleMotor_L_71:
$0106		ControleMotor_L_72:
$0106		ControleMotor_L_73:
$010E		ControleMotor_L_74:
$0112		ControleMotor_L_77:
$0118		ControleMotor_L_80:
$011B		ControleMotor_L_81:
$011C		ControleMotor_L_75:
$011C		ControleMotor_L_76:
$011C		ControleMotor_L_78:
$011C		ControleMotor_L_79:
$011C		ControleMotor_L_82:
$0124		ControleMotor_L_83:
$0125		ControleMotor_L_84:
$0125		ControleMotor_L_85:
$012D		ControleMotor_L_86:
$0131		ControleMotor_L_89:
$0137		ControleMotor_L_92:
$013A		ControleMotor_L_93:
$0144		L_main_16:
$0146		ControleMotor_L_95:
$0149		ControleMotor_L_87:
$0149		ControleMotor_L_88:
$0149		ControleMotor_L_90:
$0149		ControleMotor_L_91:
$0149		ControleMotor_L_94:
$0149		ControleMotor_L_96:
$0149		ControleMotor_L_97:
$0151		ControleMotor_L_98:
$0152		ControleMotor_L_100:
$0152		ControleMotor_L_99:


//** Variables locations **
//ADDRESS		VARIABLE
//----------------------------------------------
$0000		INDF
$0002		PCL
$0003		STATUS
$0004		FSR
$0005		PORTA
$0007		PORTC
$000A		PCLATH
$000B		INTCON
$0020		_revolucao
$0021		_direcao
$0022		_passo
$0024		_borda
$0025		_borda2
$0026		_borda3
$0070		STACK_0
$0071		STACK_1
$0072		STACK_2
$0073		STACK_3
$0074		STACK_4
$0075		STACK_5
$0076		STACK_6
$0077		STACK_7
$0078		STACK_8
$0079		STACK_9
$007A		STACK_10
$007B		STACK_11
$007C		STACK_12
$007D		STACK_13
$007E		STACK_14
$007F		STACK_15
$0085		TRISA
$0086		TRISB
$0087		TRISC
$011E		ANSEL
$011F		ANSELH


